=== Thu Jan  8 09:26:11 PM CST 2026 Seedling Imager autostart begin ===
DBUS_SESSION_BUS_ADDRESS=unix:path=/run/user/1000/bus
DESKTOP_SESSION=LXDE-pi-labwc
DISPLAY=:0
GDMSESSION=LXDE-pi-labwc
GPG_AGENT_INFO=/run/user/1000/gnupg/S.gpg-agent:0:1
HOME=/home/sybednar
INVOCATION_ID=70c9bb8949d7418690ab4887695b185a
JOURNAL_STREAM=9:20781
LABWC_PID=1133
LABWC_VER=0.8.4-dirty
LANG=en_US.UTF-8
LANGUAGE=en_US.UTF-8
LC_ALL=en_US.UTF-8
LOGNAME=sybednar
MANAGERPID=1109
NO_AT_BRIDGE=1
PATH=/usr/local/sbin:/usr/local/bin:/usr/sbin:/usr/bin:/sbin:/bin:/usr/local/games:/usr/games
PWD=/home/sybednar/Seedling_Imager/seedling_imager_controller
PYTHONUNBUFFERED=1
QT_QPA_PLATFORM=wayland
SHELL=/bin/bash
SHLVL=1
SYSTEMD_EXEC_PID=2463
TEXTDOMAIN=Linux-PAM
USER=sybednar
_=/usr/bin/env
WAYLAND_DISPLAY=wayland-0
XCURSOR_SIZE=24
XCURSOR_THEME=PiXflat
XDG_CURRENT_DESKTOP=labwc:wlroots
XDG_GREETER_DATA_DIR=/var/lib/lightdm/data/sybednar
XDG_RUNTIME_DIR=/run/user/1000
XDG_SEAT_PATH=/org/freedesktop/DisplayManager/Seat0
XDG_SESSION_CLASS=user
XDG_SESSION_DESKTOP=LXDE-pi-labwc
XDG_SESSION_PATH=/org/freedesktop/DisplayManager/Session0
XDG_SESSION_TYPE=wayland
---
[0:25:03.927793049] [2469] [1;32m INFO [1;37mCamera [1;34mcamera_manager.cpp:330 [0mlibcamera v0.5.2+99-bfd68f78
[0:25:03.935157425] [2475] [1;32m INFO [1;37mRPI [1;34mpisp.cpp:720 [0mlibpisp version v1.2.1 981977ff21f3 29-04-2025 (14:13:50)
[0:25:03.935941520] [2475] [1;33m WARN [1;37mCameraSensorProperties [1;34mcamera_sensor_properties.cpp:499 [0mNo static properties available for 'imx708_noir'
[0:25:03.935950076] [2475] [1;33m WARN [1;37mCameraSensorProperties [1;34mcamera_sensor_properties.cpp:501 [0mPlease consider updating the camera sensor properties database
[0:25:03.937694341] [2475] [1;32m INFO [1;37mIPAProxy [1;34mipa_proxy.cpp:180 [0mUsing tuning file /usr/share/libcamera/ipa/rpi/pisp/imx708_noir.json
[0:25:03.944228863] [2475] [1;33m WARN [1;37mCameraSensor [1;34mcamera_sensor_legacy.cpp:501 [0;32m'imx708_noir': [0mNo sensor delays found in static properties. Assuming unverified defaults.
[0:25:03.944642049] [2475] [1;32m INFO [1;37mCamera [1;34mcamera_manager.cpp:220 [0mAdding camera '/base/axi/pcie@1000120000/rp1/i2c@88000/imx708@1a' for pipeline handler rpi/pisp
[0:25:03.944650679] [2475] [1;32m INFO [1;37mRPI [1;34mpisp.cpp:1179 [0mRegistered camera /base/axi/pcie@1000120000/rp1/i2c@88000/imx708@1a to CFE device /dev/media0 and ISP device /dev/media1 using PiSP variant BCM2712_C0
[0:25:03.947755634] [2469] [1;32m INFO [1;37mCamera [1;34mcamera.cpp:1215 [0mconfiguring streams: (0) 4608x2592-RGB888/sRGB (1) 640x360-RGB888/sRGB (2) 4608x2592-BGGR_PISP_COMP1/RAW
[0:25:03.947847505] [2475] [1;32m INFO [1;37mRPI [1;34mpisp.cpp:1483 [0mSensor: /base/axi/pcie@1000120000/rp1/i2c@88000/imx708@1a - Selected sensor format: 4608x2592-SBGGR10_1X10/RAW - Selected CFE format: 4608x2592-PC1B/RAW
apply_settings error: Control HdrEnable is not advertised by libcamera
The X11 connection broke (error 1). Did the X11 server die?
=== Thu Jan  8 09:27:35 PM CST 2026 Seedling Imager autostart begin ===
DBUS_SESSION_BUS_ADDRESS=unix:path=/run/user/1000/bus
HOME=/home/sybednar
INVOCATION_ID=5319bb417fd84b7c9f2630e5945689f5
JOURNAL_STREAM=9:7069
LANG=en_US.UTF-8
LANGUAGE=en_US.UTF-8
LOGNAME=sybednar
MANAGERPID=1106
PATH=/usr/local/sbin:/usr/local/bin:/usr/sbin:/usr/bin:/sbin:/bin
PWD=/home/sybednar/Seedling_Imager/seedling_imager_controller
PYTHONUNBUFFERED=1
QT_QPA_PLATFORM=wayland
SHELL=/bin/bash
SHLVL=1
SYSTEMD_EXEC_PID=1128
USER=sybednar
_=/usr/bin/env
XDG_RUNTIME_DIR=/run/user/1000
---
[0:00:07.919219698] [1626] [1;32m INFO [1;37mCamera [1;34mcamera_manager.cpp:330 [0mlibcamera v0.5.2+99-bfd68f78
[0:00:07.926610791] [1673] [1;32m INFO [1;37mRPI [1;34mpisp.cpp:720 [0mlibpisp version v1.2.1 981977ff21f3 29-04-2025 (14:13:50)
[0:00:07.927384439] [1673] [1;33m WARN [1;37mCameraSensorProperties [1;34mcamera_sensor_properties.cpp:499 [0mNo static properties available for 'imx708_noir'
[0:00:07.927395439] [1673] [1;33m WARN [1;37mCameraSensorProperties [1;34mcamera_sensor_properties.cpp:501 [0mPlease consider updating the camera sensor properties database
[0:00:07.929134717] [1673] [1;32m INFO [1;37mIPAProxy [1;34mipa_proxy.cpp:180 [0mUsing tuning file /usr/share/libcamera/ipa/rpi/pisp/imx708_noir.json
[0:00:07.935593736] [1673] [1;33m WARN [1;37mCameraSensor [1;34mcamera_sensor_legacy.cpp:501 [0;32m'imx708_noir': [0mNo sensor delays found in static properties. Assuming unverified defaults.
[0:00:07.935999902] [1673] [1;32m INFO [1;37mCamera [1;34mcamera_manager.cpp:220 [0mAdding camera '/base/axi/pcie@1000120000/rp1/i2c@88000/imx708@1a' for pipeline handler rpi/pisp
[0:00:07.936078828] [1673] [1;32m INFO [1;37mRPI [1;34mpisp.cpp:1179 [0mRegistered camera /base/axi/pcie@1000120000/rp1/i2c@88000/imx708@1a to CFE device /dev/media0 and ISP device /dev/media2 using PiSP variant BCM2712_C0
[0:00:07.939154328] [1626] [1;32m INFO [1;37mCamera [1;34mcamera.cpp:1215 [0mconfiguring streams: (0) 4608x2592-RGB888/sRGB (1) 640x360-RGB888/sRGB (2) 4608x2592-BGGR_PISP_COMP1/RAW
[0:00:07.939247347] [1673] [1;32m INFO [1;37mRPI [1;34mpisp.cpp:1483 [0mSensor: /base/axi/pcie@1000120000/rp1/i2c@88000/imx708@1a - Selected sensor format: 4608x2592-SBGGR10_1X10/RAW - Selected CFE format: 4608x2592-PC1B/RAW
apply_settings error: Control HdrEnable is not advertised by libcamera
=== Thu Jan  8 09:32:02 PM CST 2026 Seedling Imager autostart end ===
=== Thu Jan  8 10:23:18 PM CST 2026 Seedling Imager autostart begin ===
DBUS_SESSION_BUS_ADDRESS=unix:path=/run/user/1000/bus
HOME=/home/sybednar
INVOCATION_ID=60b0653d1f434327b6e855d544b1fa09
JOURNAL_STREAM=9:6894
LANG=en_US.UTF-8
LANGUAGE=en_US.UTF-8
LOGNAME=sybednar
MANAGERPID=1098
PATH=/usr/local/sbin:/usr/local/bin:/usr/sbin:/usr/bin:/sbin:/bin
PWD=/home/sybednar/Seedling_Imager/seedling_imager_controller
PYTHONUNBUFFERED=1
QT_QPA_PLATFORM=wayland
SHELL=/bin/bash
SHLVL=1
SYSTEMD_EXEC_PID=1120
USER=sybednar
_=/usr/bin/env
XDG_RUNTIME_DIR=/run/user/1000
---
[0:00:07.866094679] [1617] [1;32m INFO [1;37mCamera [1;34mcamera_manager.cpp:330 [0mlibcamera v0.5.2+99-bfd68f78
[0:00:07.873380142] [1664] [1;32m INFO [1;37mRPI [1;34mpisp.cpp:720 [0mlibpisp version v1.2.1 981977ff21f3 29-04-2025 (14:13:50)
[0:00:07.874165753] [1664] [1;33m WARN [1;37mCameraSensorProperties [1;34mcamera_sensor_properties.cpp:499 [0mNo static properties available for 'imx708_noir'
[0:00:07.874177272] [1664] [1;33m WARN [1;37mCameraSensorProperties [1;34mcamera_sensor_properties.cpp:501 [0mPlease consider updating the camera sensor properties database
[0:00:07.875884679] [1664] [1;32m INFO [1;37mIPAProxy [1;34mipa_proxy.cpp:180 [0mUsing tuning file /usr/share/libcamera/ipa/rpi/pisp/imx708_noir.json
[0:00:07.882365568] [1664] [1;33m WARN [1;37mCameraSensor [1;34mcamera_sensor_legacy.cpp:501 [0;32m'imx708_noir': [0mNo sensor delays found in static properties. Assuming unverified defaults.
[0:00:07.882795549] [1664] [1;32m INFO [1;37mCamera [1;34mcamera_manager.cpp:220 [0mAdding camera '/base/axi/pcie@1000120000/rp1/i2c@88000/imx708@1a' for pipeline handler rpi/pisp
[0:00:07.882807364] [1664] [1;32m INFO [1;37mRPI [1;34mpisp.cpp:1179 [0mRegistered camera /base/axi/pcie@1000120000/rp1/i2c@88000/imx708@1a to CFE device /dev/media1 and ISP device /dev/media0 using PiSP variant BCM2712_C0
[0:00:07.885913512] [1617] [1;32m INFO [1;37mCamera [1;34mcamera.cpp:1215 [0mconfiguring streams: (0) 4608x2592-RGB888/sRGB (1) 640x360-RGB888/sRGB (2) 4608x2592-BGGR_PISP_COMP1/RAW
[0:00:07.886015068] [1664] [1;32m INFO [1;37mRPI [1;34mpisp.cpp:1483 [0mSensor: /base/axi/pcie@1000120000/rp1/i2c@88000/imx708@1a - Selected sensor format: 4608x2592-SBGGR10_1X10/RAW - Selected CFE format: 4608x2592-PC1B/RAW
apply_settings error: Control HdrEnable is not advertised by libcamera
=== Thu Jan  8 10:27:44 PM CST 2026 Seedling Imager autostart end ===
=== Thu Jan  8 10:28:40 PM CST 2026 Seedling Imager autostart begin ===
DBUS_SESSION_BUS_ADDRESS=unix:path=/run/user/1000/bus
DESKTOP_SESSION=LXDE-pi-labwc
DESKTOP_STARTUP_ID=f6536f5825b0247c3d77307c4b96f13c
DISPLAY=:0
GDMSESSION=LXDE-pi-labwc
GPG_AGENT_INFO=/run/user/1000/gnupg/S.gpg-agent:0:1
HOME=/home/sybednar
_JAVA_AWT_WM_NONREPARENTING=1
LABWC_FALLBACK_OUTPUT=NOOP-1
LABWC_PID=1123
LABWC_VER=0.8.4-dirty
LANG=en_US.UTF-8
LANGUAGE=en_US.UTF-8
LC_ALL=en_US.UTF-8
LOGNAME=sybednar
NO_AT_BRIDGE=1
PATH=/usr/local/sbin:/usr/local/bin:/usr/sbin:/usr/bin:/sbin:/bin:/usr/local/games:/usr/games
PWD=/home/sybednar/Seedling_Imager/seedling_imager_controller
QT_QPA_PLATFORMTHEME=qt5ct
QT_WAYLAND_DISABLE_WINDOWDECORATION=1
SAL_USE_VCLPLUGIN=gtk3
SHELL=/bin/bash
SHLVL=1
SSH_AGENT_PID=1197
SSH_AUTH_SOCK=/tmp/ssh-CyKfVcSjwaKe/agent.1123
TEXTDOMAIN=Linux-PAM
USER=sybednar
_=/usr/bin/env
WAYLAND_DISPLAY=wayland-0
WLR_DRM_FORCE_LIBLIFTOFF=1
WLR_XWAYLAND=/usr/bin/xwayland-xauth
XAUTHORITY=/home/sybednar/.Xauthority
XCURSOR_SIZE=24
XCURSOR_THEME=PiXflat
XDG_CURRENT_DESKTOP=labwc:wlroots
XDG_DATA_DIRS=~/.local/share:/usr/local/share:/usr/share/raspi-ui-overrides:/usr/share:/usr/share/gdm:/var/lib/menu-xdg
XDG_GREETER_DATA_DIR=/var/lib/lightdm/data/sybednar
XDG_MENU_PREFIX=lxde-pi-
XDG_RUNTIME_DIR=/run/user/1000
XDG_SEAT_PATH=/org/freedesktop/DisplayManager/Seat0
XDG_SEAT=seat0
XDG_SESSION_CLASS=user
XDG_SESSION_DESKTOP=LXDE-pi-labwc
XDG_SESSION_ID=1
XDG_SESSION_PATH=/org/freedesktop/DisplayManager/Session0
XDG_SESSION_TYPE=wayland
XDG_VTNR=7
XKB_DEFAULT_LAYOUT=us
XKB_DEFAULT_MODEL=pc105
XKB_DEFAULT_OPTIONS=
XKB_DEFAULT_VARIANT=
---
[0:03:56.666023090] [2283] [1;32m INFO [1;37mCamera [1;34mcamera_manager.cpp:330 [0mlibcamera v0.5.2+99-bfd68f78
[0:03:56.673532177] [2289] [1;32m INFO [1;37mRPI [1;34mpisp.cpp:720 [0mlibpisp version v1.2.1 981977ff21f3 29-04-2025 (14:13:50)
[0:03:56.674323456] [2289] [1;33m WARN [1;37mCameraSensorProperties [1;34mcamera_sensor_properties.cpp:499 [0mNo static properties available for 'imx708_noir'
[0:03:56.674335511] [2289] [1;33m WARN [1;37mCameraSensorProperties [1;34mcamera_sensor_properties.cpp:501 [0mPlease consider updating the camera sensor properties database
[0:03:56.676257959] [2289] [1;32m INFO [1;37mIPAProxy [1;34mipa_proxy.cpp:180 [0mUsing tuning file /usr/share/libcamera/ipa/rpi/pisp/imx708_noir.json
[0:03:56.683242507] [2289] [1;33m WARN [1;37mCameraSensor [1;34mcamera_sensor_legacy.cpp:501 [0;32m'imx708_noir': [0mNo sensor delays found in static properties. Assuming unverified defaults.
[0:03:56.683684360] [2289] [1;32m INFO [1;37mCamera [1;34mcamera_manager.cpp:220 [0mAdding camera '/base/axi/pcie@1000120000/rp1/i2c@88000/imx708@1a' for pipeline handler rpi/pisp
[0:03:56.683695452] [2289] [1;32m INFO [1;37mRPI [1;34mpisp.cpp:1179 [0mRegistered camera /base/axi/pcie@1000120000/rp1/i2c@88000/imx708@1a to CFE device /dev/media1 and ISP device /dev/media0 using PiSP variant BCM2712_C0
[0:03:56.686878957] [2283] [1;32m INFO [1;37mCamera [1;34mcamera.cpp:1215 [0mconfiguring streams: (0) 4608x2592-RGB888/sRGB (1) 640x360-RGB888/sRGB (2) 4608x2592-BGGR_PISP_COMP1/RAW
[0:03:56.686984106] [2289] [1;32m INFO [1;37mRPI [1;34mpisp.cpp:1483 [0mSensor: /base/axi/pcie@1000120000/rp1/i2c@88000/imx708@1a - Selected sensor format: 4608x2592-SBGGR10_1X10/RAW - Selected CFE format: 4608x2592-PC1B/RAW
apply_settings error: Control HdrEnable is not advertised by libcamera
=== Thu Jan  8 10:28:47 PM CST 2026 Seedling Imager autostart end ===
=== Thu Jan  8 10:45:05 PM CST 2026 Seedling Imager autostart begin ===
COLORTERM=truecolor
DBUS_SESSION_BUS_ADDRESS=unix:path=/run/user/1000/bus
DESKTOP_SESSION=LXDE-pi-labwc
DISPLAY=:0
GDMSESSION=LXDE-pi-labwc
GPG_AGENT_INFO=/run/user/1000/gnupg/S.gpg-agent:0:1
HOME=/home/sybednar
_JAVA_AWT_WM_NONREPARENTING=1
LABWC_FALLBACK_OUTPUT=NOOP-1
LABWC_PID=1123
LABWC_VER=0.8.4-dirty
LANG=en_US.UTF-8
LANGUAGE=en_US.UTF-8
LC_ALL=en_US.UTF-8
LOGNAME=sybednar
NO_AT_BRIDGE=1
PATH=/usr/local/sbin:/usr/local/bin:/usr/sbin:/usr/bin:/sbin:/bin:/usr/local/games:/usr/games
PWD=/home/sybednar/Seedling_Imager/seedling_imager_controller
QT_QPA_PLATFORMTHEME=qt5ct
QT_WAYLAND_DISABLE_WINDOWDECORATION=1
SAL_USE_VCLPLUGIN=gtk3
SHELL=/bin/bash
SHLVL=1
SSH_AGENT_PID=1197
SSH_AUTH_SOCK=/tmp/ssh-CyKfVcSjwaKe/agent.1123
TERM=xterm-256color
TEXTDOMAIN=Linux-PAM
USER=sybednar
_=/usr/bin/env
VTE_VERSION=7006
WAYLAND_DISPLAY=wayland-0
WLR_DRM_FORCE_LIBLIFTOFF=1
WLR_XWAYLAND=/usr/bin/xwayland-xauth
XAUTHORITY=/home/sybednar/.Xauthority
XCURSOR_SIZE=24
XCURSOR_THEME=PiXflat
XDG_CURRENT_DESKTOP=labwc:wlroots
XDG_DATA_DIRS=~/.local/share:/usr/local/share:/usr/share/raspi-ui-overrides:/usr/share:/usr/share/gdm:/var/lib/menu-xdg
XDG_GREETER_DATA_DIR=/var/lib/lightdm/data/sybednar
XDG_MENU_PREFIX=lxde-pi-
XDG_RUNTIME_DIR=/run/user/1000
XDG_SEAT_PATH=/org/freedesktop/DisplayManager/Seat0
XDG_SEAT=seat0
XDG_SESSION_CLASS=user
XDG_SESSION_DESKTOP=LXDE-pi-labwc
XDG_SESSION_ID=1
XDG_SESSION_PATH=/org/freedesktop/DisplayManager/Session0
XDG_SESSION_TYPE=wayland
XDG_VTNR=7
XKB_DEFAULT_LAYOUT=us
XKB_DEFAULT_MODEL=pc105
XKB_DEFAULT_OPTIONS=
XKB_DEFAULT_VARIANT=
---
[0:20:21.609886298] [2633] [1;32m INFO [1;37mCamera [1;34mcamera_manager.cpp:330 [0mlibcamera v0.5.2+99-bfd68f78
[0:20:21.617273885] [2639] [1;32m INFO [1;37mRPI [1;34mpisp.cpp:720 [0mlibpisp version v1.2.1 981977ff21f3 29-04-2025 (14:13:50)
[0:20:21.618068388] [2639] [1;33m WARN [1;37mCameraSensorProperties [1;34mcamera_sensor_properties.cpp:499 [0mNo static properties available for 'imx708_noir'
[0:20:21.618080463] [2639] [1;33m WARN [1;37mCameraSensorProperties [1;34mcamera_sensor_properties.cpp:501 [0mPlease consider updating the camera sensor properties database
[0:20:21.619814951] [2639] [1;32m INFO [1;37mIPAProxy [1;34mipa_proxy.cpp:180 [0mUsing tuning file /usr/share/libcamera/ipa/rpi/pisp/imx708_noir.json
[0:20:21.626356275] [2639] [1;33m WARN [1;37mCameraSensor [1;34mcamera_sensor_legacy.cpp:501 [0;32m'imx708_noir': [0mNo sensor delays found in static properties. Assuming unverified defaults.
[0:20:21.626782944] [2639] [1;32m INFO [1;37mCamera [1;34mcamera_manager.cpp:220 [0mAdding camera '/base/axi/pcie@1000120000/rp1/i2c@88000/imx708@1a' for pipeline handler rpi/pisp
[0:20:21.626793240] [2639] [1;32m INFO [1;37mRPI [1;34mpisp.cpp:1179 [0mRegistered camera /base/axi/pcie@1000120000/rp1/i2c@88000/imx708@1a to CFE device /dev/media1 and ISP device /dev/media0 using PiSP variant BCM2712_C0
[0:20:21.629925791] [2633] [1;32m INFO [1;37mCamera [1;34mcamera.cpp:1215 [0mconfiguring streams: (0) 4608x2592-RGB888/sRGB (1) 640x360-RGB888/sRGB (2) 4608x2592-BGGR_PISP_COMP1/RAW
[0:20:21.630028735] [2639] [1;32m INFO [1;37mRPI [1;34mpisp.cpp:1483 [0mSensor: /base/axi/pcie@1000120000/rp1/i2c@88000/imx708@1a - Selected sensor format: 4608x2592-SBGGR10_1X10/RAW - Selected CFE format: 4608x2592-PC1B/RAW
apply_settings error: Control HdrEnable is not advertised by libcamera
DEBUG: Homing started
DEBUG: Hall sensor triggered
Optical sensor triggered after 394 steps
=== Thu Jan  8 10:47:45 PM CST 2026 Seedling Imager autostart end ===
=== Thu Jan  8 11:25:02 PM CST 2026 Seedling Imager autostart begin ===
COLORTERM=truecolor
DBUS_SESSION_BUS_ADDRESS=unix:path=/run/user/1000/bus
DESKTOP_SESSION=LXDE-pi-labwc
DISPLAY=:0
GDMSESSION=LXDE-pi-labwc
GPG_AGENT_INFO=/run/user/1000/gnupg/S.gpg-agent:0:1
HOME=/home/sybednar
_JAVA_AWT_WM_NONREPARENTING=1
LABWC_FALLBACK_OUTPUT=NOOP-1
LABWC_PID=1123
LABWC_VER=0.8.4-dirty
LANG=en_US.UTF-8
LANGUAGE=en_US.UTF-8
LC_ALL=en_US.UTF-8
LOGNAME=sybednar
NO_AT_BRIDGE=1
PATH=/usr/local/sbin:/usr/local/bin:/usr/sbin:/usr/bin:/sbin:/bin:/usr/local/games:/usr/games
PWD=/home/sybednar/Seedling_Imager/seedling_imager_controller
QT_QPA_PLATFORMTHEME=qt5ct
QT_WAYLAND_DISABLE_WINDOWDECORATION=1
SAL_USE_VCLPLUGIN=gtk3
SHELL=/bin/bash
SHLVL=1
SSH_AGENT_PID=1197
SSH_AUTH_SOCK=/tmp/ssh-CyKfVcSjwaKe/agent.1123
TERM=xterm-256color
TEXTDOMAIN=Linux-PAM
USER=sybednar
_=/usr/bin/env
VTE_VERSION=7006
WAYLAND_DISPLAY=wayland-0
WLR_DRM_FORCE_LIBLIFTOFF=1
WLR_XWAYLAND=/usr/bin/xwayland-xauth
XAUTHORITY=/home/sybednar/.Xauthority
XCURSOR_SIZE=24
XCURSOR_THEME=PiXflat
XDG_CURRENT_DESKTOP=labwc:wlroots
XDG_DATA_DIRS=~/.local/share:/usr/local/share:/usr/share/raspi-ui-overrides:/usr/share:/usr/share/gdm:/var/lib/menu-xdg
XDG_GREETER_DATA_DIR=/var/lib/lightdm/data/sybednar
XDG_MENU_PREFIX=lxde-pi-
XDG_RUNTIME_DIR=/run/user/1000
XDG_SEAT_PATH=/org/freedesktop/DisplayManager/Seat0
XDG_SEAT=seat0
XDG_SESSION_CLASS=user
XDG_SESSION_DESKTOP=LXDE-pi-labwc
XDG_SESSION_ID=1
XDG_SESSION_PATH=/org/freedesktop/DisplayManager/Session0
XDG_SESSION_TYPE=wayland
XDG_VTNR=7
XKB_DEFAULT_LAYOUT=us
XKB_DEFAULT_MODEL=pc105
XKB_DEFAULT_OPTIONS=
XKB_DEFAULT_VARIANT=
---
[1:00:18.691097593] [3053] [1;32m INFO [1;37mCamera [1;34mcamera_manager.cpp:330 [0mlibcamera v0.5.2+99-bfd68f78
[1:00:18.698549839] [3059] [1;32m INFO [1;37mRPI [1;34mpisp.cpp:720 [0mlibpisp version v1.2.1 981977ff21f3 29-04-2025 (14:13:50)
[1:00:18.699342916] [3059] [1;33m WARN [1;37mCameraSensorProperties [1;34mcamera_sensor_properties.cpp:499 [0mNo static properties available for 'imx708_noir'
[1:00:18.699355564] [3059] [1;33m WARN [1;37mCameraSensorProperties [1;34mcamera_sensor_properties.cpp:501 [0mPlease consider updating the camera sensor properties database
[1:00:18.701135181] [3059] [1;32m INFO [1;37mIPAProxy [1;34mipa_proxy.cpp:180 [0mUsing tuning file /usr/share/libcamera/ipa/rpi/pisp/imx708_noir.json
[1:00:18.707669276] [3059] [1;33m WARN [1;37mCameraSensor [1;34mcamera_sensor_legacy.cpp:501 [0;32m'imx708_noir': [0mNo sensor delays found in static properties. Assuming unverified defaults.
[1:00:18.708114852] [3059] [1;32m INFO [1;37mCamera [1;34mcamera_manager.cpp:220 [0mAdding camera '/base/axi/pcie@1000120000/rp1/i2c@88000/imx708@1a' for pipeline handler rpi/pisp
[1:00:18.708132796] [3059] [1;32m INFO [1;37mRPI [1;34mpisp.cpp:1179 [0mRegistered camera /base/axi/pcie@1000120000/rp1/i2c@88000/imx708@1a to CFE device /dev/media1 and ISP device /dev/media0 using PiSP variant BCM2712_C0
[1:00:18.711242899] [3053] [1;32m INFO [1;37mCamera [1;34mcamera.cpp:1215 [0mconfiguring streams: (0) 4608x2592-RGB888/sRGB (1) 640x360-RGB888/sRGB (2) 4608x2592-BGGR_PISP_COMP1/RAW
[1:00:18.711342140] [3059] [1;32m INFO [1;37mRPI [1;34mpisp.cpp:1483 [0mSensor: /base/axi/pcie@1000120000/rp1/i2c@88000/imx708@1a - Selected sensor format: 4608x2592-SBGGR10_1X10/RAW - Selected CFE format: 4608x2592-PC1B/RAW
apply_settings error: Control HdrEnable is not advertised by libcamera
apply_settings error: Control HdrEnable is not advertised by libcamera
apply_settings error: Control HdrEnable is not advertised by libcamera
apply_settings error: Control HdrEnable is not advertised by libcamera
DEBUG: Homing started
DEBUG: Hall sensor triggered
Optical sensor triggered after 389 steps
apply_settings error: Control HdrEnable is not advertised by libcamera
DEBUG: Moved to Plate #2
DEBUG: Moved to Plate #3
DEBUG: Moved to Plate #4
DEBUG: Moved to Plate #5
DEBUG: Moved to Plate #6
DEBUG: Moved to Plate #1
DEBUG: Checking optical sensor for drift correction...
DEBUG: Drift correction: already aligned at Plate #1 (0 extra steps)
DEBUG: Moved to Plate #2
DEBUG: Moved to Plate #3
DEBUG: Moved to Plate #4
DEBUG: Moved to Plate #5
DEBUG: Moved to Plate #6
DEBUG: Moved to Plate #1
DEBUG: Checking optical sensor for drift correction...
DEBUG: Drift correction applied with 1 extra steps. Plate reset to #1
DEBUG: Moved to Plate #2
DEBUG: Moved to Plate #3
DEBUG: Moved to Plate #4
DEBUG: Moved to Plate #5
DEBUG: Moved to Plate #6
DEBUG: Moved to Plate #1
DEBUG: Checking optical sensor for drift correction...
DEBUG: Drift correction: already aligned at Plate #1 (0 extra steps)
DEBUG: Moved to Plate #2
DEBUG: Moved to Plate #3
DEBUG: Moved to Plate #4
DEBUG: Moved to Plate #5
DEBUG: Moved to Plate #6
DEBUG: Moved to Plate #1
DEBUG: Checking optical sensor for drift correction...
DEBUG: Drift correction: already aligned at Plate #1 (0 extra steps)
DEBUG: Moved to Plate #2
DEBUG: Moved to Plate #3
DEBUG: Moved to Plate #4
DEBUG: Moved to Plate #5
DEBUG: Moved to Plate #6
DEBUG: Moved to Plate #1
DEBUG: Checking optical sensor for drift correction...
DEBUG: Drift correction applied with 1 extra steps. Plate reset to #1
DEBUG: Moved to Plate #2
DEBUG: Moved to Plate #3
DEBUG: Moved to Plate #4
DEBUG: Moved to Plate #5
DEBUG: Moved to Plate #6
DEBUG: Moved to Plate #1
DEBUG: Checking optical sensor for drift correction...
DEBUG: Drift correction: already aligned at Plate #1 (0 extra steps)
DEBUG: Moved to Plate #2
DEBUG: Moved to Plate #3
DEBUG: Moved to Plate #4
DEBUG: Moved to Plate #5
DEBUG: Moved to Plate #6
DEBUG: Moved to Plate #1
DEBUG: Checking optical sensor for drift correction...
DEBUG: Drift correction: already aligned at Plate #1 (0 extra steps)
DEBUG: Moved to Plate #2
DEBUG: Moved to Plate #3
DEBUG: Moved to Plate #4
DEBUG: Moved to Plate #5
DEBUG: Moved to Plate #6
DEBUG: Moved to Plate #1
DEBUG: Checking optical sensor for drift correction...
DEBUG: Drift correction: already aligned at Plate #1 (0 extra steps)
DEBUG: Moved to Plate #2
DEBUG: Moved to Plate #3
DEBUG: Moved to Plate #4
DEBUG: Moved to Plate #5
DEBUG: Moved to Plate #6
DEBUG: Moved to Plate #1
DEBUG: Checking optical sensor for drift correction...
DEBUG: Drift correction: already aligned at Plate #1 (0 extra steps)
DEBUG: Moved to Plate #2
DEBUG: Moved to Plate #3
DEBUG: Moved to Plate #4
DEBUG: Moved to Plate #5
DEBUG: Moved to Plate #6
DEBUG: Moved to Plate #1
DEBUG: Checking optical sensor for drift correction...
DEBUG: Drift correction: already aligned at Plate #1 (0 extra steps)
DEBUG: Moved to Plate #2
DEBUG: Moved to Plate #3
DEBUG: Moved to Plate #4
DEBUG: Moved to Plate #5
DEBUG: Moved to Plate #6
DEBUG: Moved to Plate #1
DEBUG: Checking optical sensor for drift correction...
DEBUG: Drift correction: already aligned at Plate #1 (0 extra steps)
DEBUG: Moved to Plate #2
DEBUG: Moved to Plate #3
DEBUG: Moved to Plate #4
DEBUG: Moved to Plate #5
DEBUG: Moved to Plate #6
DEBUG: Moved to Plate #1
DEBUG: Checking optical sensor for drift correction...
DEBUG: Drift correction: already aligned at Plate #1 (0 extra steps)
DEBUG: Moved to Plate #2
DEBUG: Moved to Plate #3
=== Fri Jan  9 12:12:08 AM CST 2026 Seedling Imager autostart end ===
=== Fri Jan  9 12:57:25 AM CST 2026 Seedling Imager autostart begin ===
DBUS_SESSION_BUS_ADDRESS=unix:path=/run/user/1000/bus
HOME=/home/sybednar
INVOCATION_ID=d5509c33661e414d814efd5e6316f59d
JOURNAL_STREAM=9:7986
LANG=en_US.UTF-8
LANGUAGE=en_US.UTF-8
LOGNAME=sybednar
MANAGERPID=1098
PATH=/usr/local/sbin:/usr/local/bin:/usr/sbin:/usr/bin:/sbin:/bin
PWD=/home/sybednar/Seedling_Imager/seedling_imager_controller
PYTHONUNBUFFERED=1
QT_QPA_PLATFORM=wayland
SHELL=/bin/bash
SHLVL=1
SYSTEMD_EXEC_PID=1120
USER=sybednar
_=/usr/bin/env
XDG_RUNTIME_DIR=/run/user/1000
---
[0:00:07.668095197] [1658] [1;32m INFO [1;37mCamera [1;34mcamera_manager.cpp:330 [0mlibcamera v0.5.2+99-bfd68f78
[0:00:07.675529271] [1664] [1;32m INFO [1;37mRPI [1;34mpisp.cpp:720 [0mlibpisp version v1.2.1 981977ff21f3 29-04-2025 (14:13:50)
[0:00:07.676419994] [1664] [1;33m WARN [1;37mCameraSensorProperties [1;34mcamera_sensor_properties.cpp:499 [0mNo static properties available for 'imx708_noir'
[0:00:07.676435197] [1664] [1;33m WARN [1;37mCameraSensorProperties [1;34mcamera_sensor_properties.cpp:501 [0mPlease consider updating the camera sensor properties database
[0:00:07.678194346] [1664] [1;32m INFO [1;37mIPAProxy [1;34mipa_proxy.cpp:180 [0mUsing tuning file /usr/share/libcamera/ipa/rpi/pisp/imx708_noir.json
[0:00:07.684733938] [1664] [1;33m WARN [1;37mCameraSensor [1;34mcamera_sensor_legacy.cpp:501 [0;32m'imx708_noir': [0mNo sensor delays found in static properties. Assuming unverified defaults.
[0:00:07.685145364] [1664] [1;32m INFO [1;37mCamera [1;34mcamera_manager.cpp:220 [0mAdding camera '/base/axi/pcie@1000120000/rp1/i2c@88000/imx708@1a' for pipeline handler rpi/pisp
[0:00:07.685156457] [1664] [1;32m INFO [1;37mRPI [1;34mpisp.cpp:1179 [0mRegistered camera /base/axi/pcie@1000120000/rp1/i2c@88000/imx708@1a to CFE device /dev/media0 and ISP device /dev/media2 using PiSP variant BCM2712_C0
[0:00:07.688271401] [1658] [1;32m INFO [1;37mCamera [1;34mcamera.cpp:1215 [0mconfiguring streams: (0) 4608x2592-RGB888/sRGB (1) 640x360-RGB888/sRGB (2) 4608x2592-BGGR_PISP_COMP1/RAW
[0:00:07.688370716] [1664] [1;32m INFO [1;37mRPI [1;34mpisp.cpp:1483 [0mSensor: /base/axi/pcie@1000120000/rp1/i2c@88000/imx708@1a - Selected sensor format: 4608x2592-SBGGR10_1X10/RAW - Selected CFE format: 4608x2592-PC1B/RAW
apply_settings error: Control HdrEnable is not advertised by libcamera
DEBUG: Homing started
DEBUG: Hall sensor triggered
Optical sensor triggered after 395 steps
apply_settings error: Control HdrEnable is not advertised by libcamera
DEBUG: Moved to Plate #2
DEBUG: Moved to Plate #3
DEBUG: Moved to Plate #4
DEBUG: Moved to Plate #5
DEBUG: Moved to Plate #6
apply_settings error: Control HdrEnable is not advertised by libcamera
=== Fri Jan  9 05:58:20 PM CST 2026 Seedling Imager autostart end ===
=== Fri Jan  9 05:58:28 PM CST 2026 Seedling Imager autostart begin ===
DBUS_SESSION_BUS_ADDRESS=unix:path=/run/user/1000/bus
HOME=/home/sybednar
INVOCATION_ID=c46b63df183549e78964186989363831
JOURNAL_STREAM=9:6895
LANG=en_US.UTF-8
LANGUAGE=en_US.UTF-8
LOGNAME=sybednar
MANAGERPID=1093
PATH=/usr/local/sbin:/usr/local/bin:/usr/sbin:/usr/bin:/sbin:/bin
PWD=/home/sybednar/Seedling_Imager/seedling_imager_controller
PYTHONUNBUFFERED=1
QT_QPA_PLATFORM=wayland
SHELL=/bin/bash
SHLVL=1
SYSTEMD_EXEC_PID=1115
USER=sybednar
_=/usr/bin/env
XDG_RUNTIME_DIR=/run/user/1000
---
[0:00:07.668746234] [1654] [1;32m INFO [1;37mCamera [1;34mcamera_manager.cpp:330 [0mlibcamera v0.5.2+99-bfd68f78
[0:00:07.676071605] [1660] [1;32m INFO [1;37mRPI [1;34mpisp.cpp:720 [0mlibpisp version v1.2.1 981977ff21f3 29-04-2025 (14:13:50)
[0:00:07.676870512] [1660] [1;33m WARN [1;37mCameraSensorProperties [1;34mcamera_sensor_properties.cpp:499 [0mNo static properties available for 'imx708_noir'
[0:00:07.676882475] [1660] [1;33m WARN [1;37mCameraSensorProperties [1;34mcamera_sensor_properties.cpp:501 [0mPlease consider updating the camera sensor properties database
[0:00:07.678597919] [1660] [1;32m INFO [1;37mIPAProxy [1;34mipa_proxy.cpp:180 [0mUsing tuning file /usr/share/libcamera/ipa/rpi/pisp/imx708_noir.json
[0:00:07.685094475] [1660] [1;33m WARN [1;37mCameraSensor [1;34mcamera_sensor_legacy.cpp:501 [0;32m'imx708_noir': [0mNo sensor delays found in static properties. Assuming unverified defaults.
[0:00:07.685505067] [1660] [1;32m INFO [1;37mCamera [1;34mcamera_manager.cpp:220 [0mAdding camera '/base/axi/pcie@1000120000/rp1/i2c@88000/imx708@1a' for pipeline handler rpi/pisp
[0:00:07.685515197] [1660] [1;32m INFO [1;37mRPI [1;34mpisp.cpp:1179 [0mRegistered camera /base/axi/pcie@1000120000/rp1/i2c@88000/imx708@1a to CFE device /dev/media0 and ISP device /dev/media2 using PiSP variant BCM2712_C0
[0:00:07.688707771] [1654] [1;32m INFO [1;37mCamera [1;34mcamera.cpp:1215 [0mconfiguring streams: (0) 4608x2592-RGB888/sRGB (1) 640x360-RGB888/sRGB (2) 4608x2592-BGGR_PISP_COMP1/RAW
[0:00:07.688802753] [1660] [1;32m INFO [1;37mRPI [1;34mpisp.cpp:1483 [0mSensor: /base/axi/pcie@1000120000/rp1/i2c@88000/imx708@1a - Selected sensor format: 4608x2592-SBGGR10_1X10/RAW - Selected CFE format: 4608x2592-PC1B/RAW
apply_settings error: Control HdrEnable is not advertised by libcamera
DEBUG: Homing started
DEBUG: Timeout occurred
DEBUG: Homing started
DEBUG: Timeout occurred
=== Wed Jan 14 12:42:41 AM CST 2026 Seedling Imager autostart end ===
=== Wed Jan 14 10:46:30 PM CST 2026 Seedling Imager autostart begin ===
DBUS_SESSION_BUS_ADDRESS=unix:path=/run/user/1000/bus
HOME=/home/sybednar
INVOCATION_ID=b4cba4fb8905465faa2a1549cce5ee18
JOURNAL_STREAM=9:9474
LANG=en_US.UTF-8
LANGUAGE=en_US.UTF-8
LOGNAME=sybednar
MANAGERPID=1098
PATH=/usr/local/sbin:/usr/local/bin:/usr/sbin:/usr/bin:/sbin:/bin
PWD=/home/sybednar/Seedling_Imager/seedling_imager_controller
PYTHONUNBUFFERED=1
QT_QPA_PLATFORM=wayland
SHELL=/bin/bash
SHLVL=1
SYSTEMD_EXEC_PID=1121
USER=sybednar
_=/usr/bin/env
XDG_RUNTIME_DIR=/run/user/1000
---
[0:00:07.727785254] [1635] [1;32m INFO [1;37mCamera [1;34mcamera_manager.cpp:330 [0mlibcamera v0.5.2+99-bfd68f78
[0:00:07.735096254] [1667] [1;32m INFO [1;37mRPI [1;34mpisp.cpp:720 [0mlibpisp version v1.2.1 981977ff21f3 29-04-2025 (14:13:50)
[0:00:07.735888865] [1667] [1;33m WARN [1;37mCameraSensorProperties [1;34mcamera_sensor_properties.cpp:499 [0mNo static properties available for 'imx708_noir'
[0:00:07.735897884] [1667] [1;33m WARN [1;37mCameraSensorProperties [1;34mcamera_sensor_properties.cpp:501 [0mPlease consider updating the camera sensor properties database
[0:00:07.737625976] [1667] [1;32m INFO [1;37mIPAProxy [1;34mipa_proxy.cpp:180 [0mUsing tuning file /usr/share/libcamera/ipa/rpi/pisp/imx708_noir.json
[0:00:07.744100495] [1667] [1;33m WARN [1;37mCameraSensor [1;34mcamera_sensor_legacy.cpp:501 [0;32m'imx708_noir': [0mNo sensor delays found in static properties. Assuming unverified defaults.
[0:00:07.744523347] [1667] [1;32m INFO [1;37mCamera [1;34mcamera_manager.cpp:220 [0mAdding camera '/base/axi/pcie@1000120000/rp1/i2c@88000/imx708@1a' for pipeline handler rpi/pisp
[0:00:07.744532717] [1667] [1;32m INFO [1;37mRPI [1;34mpisp.cpp:1179 [0mRegistered camera /base/axi/pcie@1000120000/rp1/i2c@88000/imx708@1a to CFE device /dev/media0 and ISP device /dev/media1 using PiSP variant BCM2712_C0
[0:00:07.747627550] [1635] [1;32m INFO [1;37mCamera [1;34mcamera.cpp:1215 [0mconfiguring streams: (0) 4608x2592-RGB888/sRGB (1) 640x360-RGB888/sRGB (2) 4608x2592-BGGR_PISP_COMP1/RAW
[0:00:07.747718865] [1667] [1;32m INFO [1;37mRPI [1;34mpisp.cpp:1483 [0mSensor: /base/axi/pcie@1000120000/rp1/i2c@88000/imx708@1a - Selected sensor format: 4608x2592-SBGGR10_1X10/RAW - Selected CFE format: 4608x2592-PC1B/RAW
apply_settings error: Control HdrEnable is not advertised by libcamera
DEBUG: Homing started
DEBUG: Timeout occurred
[0:01:41.039895212] [1685] [1;31mERROR [1;37mIPARPI [1;34mcam_helper_imx708.cpp:262 [0mPDAF data in unsupported format
=== Wed Jan 14 10:50:45 PM CST 2026 Seedling Imager autostart end ===
=== Wed Jan 14 10:50:53 PM CST 2026 Seedling Imager autostart begin ===
DBUS_SESSION_BUS_ADDRESS=unix:path=/run/user/1000/bus
HOME=/home/sybednar
INVOCATION_ID=134a80a2ac2b48a88a38d27eef0b43b5
JOURNAL_STREAM=9:8787
LANG=en_US.UTF-8
LANGUAGE=en_US.UTF-8
LOGNAME=sybednar
MANAGERPID=1095
PATH=/usr/local/sbin:/usr/local/bin:/usr/sbin:/usr/bin:/sbin:/bin
PWD=/home/sybednar/Seedling_Imager/seedling_imager_controller
PYTHONUNBUFFERED=1
QT_QPA_PLATFORM=wayland
SHELL=/bin/bash
SHLVL=1
SYSTEMD_EXEC_PID=1118
USER=sybednar
_=/usr/bin/env
XDG_RUNTIME_DIR=/run/user/1000
---
[0:00:07.854279937] [1656] [1;32m INFO [1;37mCamera [1;34mcamera_manager.cpp:330 [0mlibcamera v0.5.2+99-bfd68f78
[0:00:07.861769363] [1662] [1;32m INFO [1;37mRPI [1;34mpisp.cpp:720 [0mlibpisp version v1.2.1 981977ff21f3 29-04-2025 (14:13:50)
[0:00:07.862561456] [1662] [1;33m WARN [1;37mCameraSensorProperties [1;34mcamera_sensor_properties.cpp:499 [0mNo static properties available for 'imx708_noir'
[0:00:07.862575808] [1662] [1;33m WARN [1;37mCameraSensorProperties [1;34mcamera_sensor_properties.cpp:501 [0mPlease consider updating the camera sensor properties database
[0:00:07.864364567] [1662] [1;32m INFO [1;37mIPAProxy [1;34mipa_proxy.cpp:180 [0mUsing tuning file /usr/share/libcamera/ipa/rpi/pisp/imx708_noir.json
[0:00:07.870903919] [1662] [1;33m WARN [1;37mCameraSensor [1;34mcamera_sensor_legacy.cpp:501 [0;32m'imx708_noir': [0mNo sensor delays found in static properties. Assuming unverified defaults.
[0:00:07.871316067] [1662] [1;32m INFO [1;37mCamera [1;34mcamera_manager.cpp:220 [0mAdding camera '/base/axi/pcie@1000120000/rp1/i2c@88000/imx708@1a' for pipeline handler rpi/pisp
[0:00:07.871329826] [1662] [1;32m INFO [1;37mRPI [1;34mpisp.cpp:1179 [0mRegistered camera /base/axi/pcie@1000120000/rp1/i2c@88000/imx708@1a to CFE device /dev/media2 and ISP device /dev/media0 using PiSP variant BCM2712_C0
[0:00:07.874444159] [1656] [1;32m INFO [1;37mCamera [1;34mcamera.cpp:1215 [0mconfiguring streams: (0) 4608x2592-RGB888/sRGB (1) 640x360-RGB888/sRGB (2) 4608x2592-BGGR_PISP_COMP1/RAW
[0:00:07.874545289] [1662] [1;32m INFO [1;37mRPI [1;34mpisp.cpp:1483 [0mSensor: /base/axi/pcie@1000120000/rp1/i2c@88000/imx708@1a - Selected sensor format: 4608x2592-SBGGR10_1X10/RAW - Selected CFE format: 4608x2592-PC1B/RAW
apply_settings error: Control HdrEnable is not advertised by libcamera
=== Tue Jan 27 04:08:03 PM CST 2026 Seedling Imager autostart end ===
=== Wed Jan 28 01:17:06 AM CST 2026 Seedling Imager autostart begin ===
DBUS_SESSION_BUS_ADDRESS=unix:path=/run/user/1000/bus
HOME=/home/sybednar
INVOCATION_ID=5f71327914d04605a72569184eb52e97
JOURNAL_STREAM=9:9257
LANG=en_US.UTF-8
LANGUAGE=en_US.UTF-8
LOGNAME=sybednar
MANAGERPID=1091
PATH=/usr/local/sbin:/usr/local/bin:/usr/sbin:/usr/bin:/sbin:/bin
PWD=/home/sybednar/Seedling_Imager/seedling_imager_controller
PYTHONUNBUFFERED=1
QT_QPA_PLATFORM=wayland
SHELL=/bin/bash
SHLVL=1
SYSTEMD_EXEC_PID=1114
USER=sybednar
_=/usr/bin/env
XDG_RUNTIME_DIR=/run/user/1000
---
[0:00:08.166071992] [1663] [1;32m INFO [1;37mCamera [1;34mcamera_manager.cpp:330 [0mlibcamera v0.5.2+99-bfd68f78
[0:00:08.173445899] [1669] [1;32m INFO [1;37mRPI [1;34mpisp.cpp:720 [0mlibpisp version v1.2.1 981977ff21f3 29-04-2025 (14:13:50)
[0:00:08.174227955] [1669] [1;33m WARN [1;37mCameraSensorProperties [1;34mcamera_sensor_properties.cpp:499 [0mNo static properties available for 'imx708_noir'
[0:00:08.174239473] [1669] [1;33m WARN [1;37mCameraSensorProperties [1;34mcamera_sensor_properties.cpp:501 [0mPlease consider updating the camera sensor properties database
[0:00:08.175943510] [1669] [1;32m INFO [1;37mIPAProxy [1;34mipa_proxy.cpp:180 [0mUsing tuning file /usr/share/libcamera/ipa/rpi/pisp/imx708_noir.json
[0:00:08.182447307] [1669] [1;33m WARN [1;37mCameraSensor [1;34mcamera_sensor_legacy.cpp:501 [0;32m'imx708_noir': [0mNo sensor delays found in static properties. Assuming unverified defaults.
[0:00:08.182857214] [1669] [1;32m INFO [1;37mCamera [1;34mcamera_manager.cpp:220 [0mAdding camera '/base/axi/pcie@1000120000/rp1/i2c@88000/imx708@1a' for pipeline handler rpi/pisp
[0:00:08.182868010] [1669] [1;32m INFO [1;37mRPI [1;34mpisp.cpp:1179 [0mRegistered camera /base/axi/pcie@1000120000/rp1/i2c@88000/imx708@1a to CFE device /dev/media0 and ISP device /dev/media1 using PiSP variant BCM2712_C0
[0:00:08.186081196] [1663] [1;32m INFO [1;37mCamera [1;34mcamera.cpp:1215 [0mconfiguring streams: (0) 4608x2592-RGB888/sRGB (1) 640x360-RGB888/sRGB (2) 4608x2592-BGGR_PISP_COMP1/RAW
[0:00:08.186175492] [1669] [1;32m INFO [1;37mRPI [1;34mpisp.cpp:1483 [0mSensor: /base/axi/pcie@1000120000/rp1/i2c@88000/imx708@1a - Selected sensor format: 4608x2592-SBGGR10_1X10/RAW - Selected CFE format: 4608x2592-PC1B/RAW
apply_settings error: Control HdrEnable is not advertised by libcamera
DEBUG: Homing started
DEBUG: Hall sensor triggered
Optical sensor triggered after 393 steps
apply_settings error: Control HdrEnable is not advertised by libcamera
=== Wed Jan 28 01:06:23 PM CST 2026 Seedling Imager autostart end ===
=== Wed Jan 28 01:07:29 PM CST 2026 Seedling Imager autostart begin ===
DBUS_SESSION_BUS_ADDRESS=unix:path=/run/user/1000/bus
HOME=/home/sybednar
INVOCATION_ID=dbc89b6e20934a138827a9413b09231a
JOURNAL_STREAM=9:8894
LANG=en_US.UTF-8
LANGUAGE=en_US.UTF-8
LOGNAME=sybednar
MANAGERPID=1096
PATH=/usr/local/sbin:/usr/local/bin:/usr/sbin:/usr/bin:/sbin:/bin
PWD=/home/sybednar/Seedling_Imager/seedling_imager_controller
PYTHONUNBUFFERED=1
QT_QPA_PLATFORM=wayland
SHELL=/bin/bash
SHLVL=1
SYSTEMD_EXEC_PID=1118
USER=sybednar
_=/usr/bin/env
XDG_RUNTIME_DIR=/run/user/1000
---
[0:00:07.755587883] [1656] [1;32m INFO [1;37mCamera [1;34mcamera_manager.cpp:330 [0mlibcamera v0.5.2+99-bfd68f78
[0:00:07.763137605] [1662] [1;32m INFO [1;37mRPI [1;34mpisp.cpp:720 [0mlibpisp version v1.2.1 981977ff21f3 29-04-2025 (14:13:50)
[0:00:07.763930920] [1662] [1;33m WARN [1;37mCameraSensorProperties [1;34mcamera_sensor_properties.cpp:499 [0mNo static properties available for 'imx708_noir'
[0:00:07.763945272] [1662] [1;33m WARN [1;37mCameraSensorProperties [1;34mcamera_sensor_properties.cpp:501 [0mPlease consider updating the camera sensor properties database
[0:00:07.765718605] [1662] [1;32m INFO [1;37mIPAProxy [1;34mipa_proxy.cpp:180 [0mUsing tuning file /usr/share/libcamera/ipa/rpi/pisp/imx708_noir.json
[0:00:07.772247828] [1662] [1;33m WARN [1;37mCameraSensor [1;34mcamera_sensor_legacy.cpp:501 [0;32m'imx708_noir': [0mNo sensor delays found in static properties. Assuming unverified defaults.
[0:00:07.772671161] [1662] [1;32m INFO [1;37mCamera [1;34mcamera_manager.cpp:220 [0mAdding camera '/base/axi/pcie@1000120000/rp1/i2c@88000/imx708@1a' for pipeline handler rpi/pisp
[0:00:07.772680383] [1662] [1;32m INFO [1;37mRPI [1;34mpisp.cpp:1179 [0mRegistered camera /base/axi/pcie@1000120000/rp1/i2c@88000/imx708@1a to CFE device /dev/media0 and ISP device /dev/media1 using PiSP variant BCM2712_C0
[0:00:07.775831939] [1656] [1;32m INFO [1;37mCamera [1;34mcamera.cpp:1215 [0mconfiguring streams: (0) 4608x2592-RGB888/sRGB (1) 640x360-RGB888/sRGB (2) 4608x2592-BGGR_PISP_COMP1/RAW
[0:00:07.775920994] [1662] [1;32m INFO [1;37mRPI [1;34mpisp.cpp:1483 [0mSensor: /base/axi/pcie@1000120000/rp1/i2c@88000/imx708@1a - Selected sensor format: 4608x2592-SBGGR10_1X10/RAW - Selected CFE format: 4608x2592-PC1B/RAW
apply_settings error: Control HdrEnable is not advertised by libcamera
DEBUG: Homing started
DEBUG: Hall sensor triggered
Optical sensor triggered after 390 steps
apply_settings error: Control HdrEnable is not advertised by libcamera
=== Wed Jan 28 01:15:05 PM CST 2026 Seedling Imager autostart end ===
=== Wed May 20 04:59:59 PM CDT 2026 Seedling Imager autostart begin ===
DBUS_SESSION_BUS_ADDRESS=unix:path=/run/user/1000/bus
DESKTOP_SESSION=rpd-labwc
DISPLAY=:0
GDMSESSION=rpd-labwc
GPG_AGENT_INFO=/run/user/1000/gnupg/S.gpg-agent:0:1
HOME=/home/sybednar
_JAVA_AWT_WM_NONREPARENTING=1
LABWC_FALLBACK_OUTPUT=NOOP-1
LABWC_PID=1200
LABWC_VER=0.9.2
LANG=en_US.UTF-8
LANGUAGE=en_US.UTF-8
LC_ALL=en_US.UTF-8
LOGNAME=sybednar
NO_AT_BRIDGE=1
PATH=/home/sybednar/bin:/usr/local/sbin:/usr/local/bin:/usr/sbin:/usr/bin:/sbin:/bin:/usr/local/games:/usr/games
PWD=/home/sybednar
QT_QPA_PLATFORMTHEME=qt5ct
QT_WAYLAND_DISABLE_WINDOWDECORATION=1
SAL_USE_VCLPLUGIN=gtk3
SHELL=/bin/bash
SHLVL=1
SSH_AGENT_PID=1272
SSH_AUTH_SOCK=/tmp/ssh-6vOtvu6GMKPJ/agent.1200
TEXTDOMAIN=pam_chksshpwd
USER=sybednar
_=/usr/bin/env
WAYLAND_DISPLAY=wayland-0
WLR_DRM_FORCE_LIBLIFTOFF=1
WLR_XWAYLAND=/usr/bin/xwayland-xauth
XAUTHORITY=/home/sybednar/.Xauthority
XCURSOR_SIZE=24
XCURSOR_THEME=PiXtrix
XDG_CURRENT_DESKTOP=labwc:wlroots
XDG_DATA_DIRS=~/.local/share:/usr/local/share:/usr/share/raspi-ui-overrides:/usr/share:/usr/share/gdm:/var/lib/menu-xdg
XDG_GREETER_DATA_DIR=/var/lib/lightdm/data/sybednar
XDG_MENU_PREFIX=rpd-
XDG_RUNTIME_DIR=/run/user/1000
XDG_SEAT_PATH=/org/freedesktop/DisplayManager/Seat0
XDG_SEAT=seat0
XDG_SESSION_CLASS=user
XDG_SESSION_DESKTOP=rpd-labwc
XDG_SESSION_ID=1
XDG_SESSION_PATH=/org/freedesktop/DisplayManager/Session0
XDG_SESSION_TYPE=wayland
XDG_VTNR=7
XKB_DEFAULT_LAYOUT=us
XKB_DEFAULT_MODEL=pc105
XKB_DEFAULT_OPTIONS=
XKB_DEFAULT_VARIANT=
---
[0:00:10.187850881] [1625] [1;32m INFO [1;37mCamera [1;34mcamera_manager.cpp:340 [0mlibcamera v0.6.0+rpt20251202
[0:00:10.197032030] [1635] [1;32m INFO [1;37mRPI [1;34mpisp.cpp:720 [0mlibpisp version 1.3.0
[0:00:10.197806159] [1635] [1;33m WARN [1;37mCameraSensorProperties [1;34mcamera_sensor_properties.cpp:548 [0mNo static properties available for 'imx708_noir'
[0:00:10.197822530] [1635] [1;33m WARN [1;37mCameraSensorProperties [1;34mcamera_sensor_properties.cpp:550 [0mPlease consider updating the camera sensor properties database
[0:00:10.199605067] [1635] [1;32m INFO [1;37mIPAProxy [1;34mipa_proxy.cpp:180 [0mUsing tuning file /usr/share/libcamera/ipa/rpi/pisp/imx708_noir.json
[0:00:10.206260567] [1635] [1;33m WARN [1;37mCameraSensor [1;34mcamera_sensor_legacy.cpp:502 [0;32m'imx708_noir': [0mNo sensor delays found in static properties. Assuming unverified defaults.
[0:00:10.206678900] [1635] [1;32m INFO [1;37mCamera [1;34mcamera_manager.cpp:223 [0mAdding camera '/base/axi/pcie@1000120000/rp1/i2c@88000/imx708@1a' for pipeline handler rpi/pisp
[0:00:10.206691918] [1635] [1;32m INFO [1;37mRPI [1;34mpisp.cpp:1181 [0mRegistered camera /base/axi/pcie@1000120000/rp1/i2c@88000/imx708@1a to CFE device /dev/media0 and ISP device /dev/media2 using PiSP variant BCM2712_D0
[0:00:10.210700511] [1625] [1;32m INFO [1;37mCamera [1;34mcamera.cpp:1215 [0mconfiguring streams: (0) 4608x2592-RGB888/sRGB (1) 1280x720-RGB888/sRGB (2) 4608x2592-BGGR_PISP_COMP1/RAW
[0:00:10.210814455] [1635] [1;32m INFO [1;37mRPI [1;34mpisp.cpp:1485 [0mSensor: /base/axi/pcie@1000120000/rp1/i2c@88000/imx708@1a - Selected sensor format: 4608x2592-SBGGR10_1X10/RAW - Selected CFE format: 4608x2592-PC1B/RAW
[camera] Manual focus locked: 7.352 diopters
[camera] Live-view IR boost enabled: mode=Front IR, gain_floor=8.0, exposure_floor=20000µs
[camera] Live-view IR boost disabled (restored controls)
=== Wed May 20 05:00:40 PM CDT 2026 Seedling Imager autostart end ===
=== Wed May 20 05:00:42 PM CDT 2026 Seedling Imager autostart begin ===
DBUS_SESSION_BUS_ADDRESS=unix:path=/run/user/1000/bus
DESKTOP_SESSION=rpd-labwc
DESKTOP_STARTUP_ID=d68dbde9643cf27fa36b5250ba7badfc
DISPLAY=:0
GDMSESSION=rpd-labwc
GLIBC_TUNABLES=glibc.malloc.mmap_threshold=131072:glibc.malloc.trim_threshold=131072:glibc.malloc.tcache_count=0
GPG_AGENT_INFO=/run/user/1000/gnupg/S.gpg-agent:0:1
HOME=/home/sybednar
_JAVA_AWT_WM_NONREPARENTING=1
LABWC_FALLBACK_OUTPUT=NOOP-1
LABWC_PID=1200
LABWC_VER=0.9.2
LANG=en_US.UTF-8
LANGUAGE=en_US.UTF-8
LC_ALL=en_US.UTF-8
LOGNAME=sybednar
NO_AT_BRIDGE=1
PATH=/home/sybednar/bin:/usr/local/sbin:/usr/local/bin:/usr/sbin:/usr/bin:/sbin:/bin:/usr/local/games:/usr/games
PWD=/home/sybednar/projects/seedling_imager
QT_QPA_PLATFORMTHEME=qt5ct
QT_WAYLAND_DISABLE_WINDOWDECORATION=1
SAL_USE_VCLPLUGIN=gtk3
SHELL=/bin/bash
SHLVL=1
SSH_AGENT_PID=1272
SSH_AUTH_SOCK=/tmp/ssh-6vOtvu6GMKPJ/agent.1200
TEXTDOMAIN=pam_chksshpwd
USER=sybednar
_=/usr/bin/env
WAYLAND_DISPLAY=wayland-0
WLR_DRM_FORCE_LIBLIFTOFF=1
WLR_XWAYLAND=/usr/bin/xwayland-xauth
XAUTHORITY=/home/sybednar/.Xauthority
XCURSOR_SIZE=24
XCURSOR_THEME=PiXtrix
XDG_CURRENT_DESKTOP=labwc:wlroots
XDG_DATA_DIRS=~/.local/share:/usr/local/share:/usr/share/raspi-ui-overrides:/usr/share:/usr/share/gdm:/var/lib/menu-xdg
XDG_GREETER_DATA_DIR=/var/lib/lightdm/data/sybednar
XDG_MENU_PREFIX=rpd-
XDG_RUNTIME_DIR=/run/user/1000
XDG_SEAT_PATH=/org/freedesktop/DisplayManager/Seat0
XDG_SEAT=seat0
XDG_SESSION_CLASS=user
XDG_SESSION_DESKTOP=rpd-labwc
XDG_SESSION_ID=1
XDG_SESSION_PATH=/org/freedesktop/DisplayManager/Session0
XDG_SESSION_TYPE=wayland
XDG_VTNR=7
XKB_DEFAULT_LAYOUT=us
XKB_DEFAULT_MODEL=pc105
XKB_DEFAULT_OPTIONS=
XKB_DEFAULT_VARIANT=
---
=== Wed May 20 05:00:45 PM CDT 2026 Seedling Imager autostart begin ===
DBUS_SESSION_BUS_ADDRESS=unix:path=/run/user/1000/bus
DESKTOP_SESSION=rpd-labwc
DESKTOP_STARTUP_ID=effc501808b5f9fe1c8c5ca553fa5790
DISPLAY=:0
GDMSESSION=rpd-labwc
GLIBC_TUNABLES=glibc.malloc.mmap_threshold=131072:glibc.malloc.trim_threshold=131072:glibc.malloc.tcache_count=0
GPG_AGENT_INFO=/run/user/1000/gnupg/S.gpg-agent:0:1
HOME=/home/sybednar
_JAVA_AWT_WM_NONREPARENTING=1
LABWC_FALLBACK_OUTPUT=NOOP-1
LABWC_PID=1200
LABWC_VER=0.9.2
LANG=en_US.UTF-8
LANGUAGE=en_US.UTF-8
LC_ALL=en_US.UTF-8
LOGNAME=sybednar
NO_AT_BRIDGE=1
PATH=/home/sybednar/bin:/usr/local/sbin:/usr/local/bin:/usr/sbin:/usr/bin:/sbin:/bin:/usr/local/games:/usr/games
PWD=/home/sybednar/projects/seedling_imager
QT_QPA_PLATFORMTHEME=qt5ct
QT_WAYLAND_DISABLE_WINDOWDECORATION=1
SAL_USE_VCLPLUGIN=gtk3
SHELL=/bin/bash
SHLVL=1
SSH_AGENT_PID=1272
SSH_AUTH_SOCK=/tmp/ssh-6vOtvu6GMKPJ/agent.1200
TEXTDOMAIN=pam_chksshpwd
USER=sybednar
_=/usr/bin/env
WAYLAND_DISPLAY=wayland-0
WLR_DRM_FORCE_LIBLIFTOFF=1
WLR_XWAYLAND=/usr/bin/xwayland-xauth
XAUTHORITY=/home/sybednar/.Xauthority
XCURSOR_SIZE=24
XCURSOR_THEME=PiXtrix
XDG_CURRENT_DESKTOP=labwc:wlroots
XDG_DATA_DIRS=~/.local/share:/usr/local/share:/usr/share/raspi-ui-overrides:/usr/share:/usr/share/gdm:/var/lib/menu-xdg
XDG_GREETER_DATA_DIR=/var/lib/lightdm/data/sybednar
XDG_MENU_PREFIX=rpd-
XDG_RUNTIME_DIR=/run/user/1000
XDG_SEAT_PATH=/org/freedesktop/DisplayManager/Seat0
XDG_SEAT=seat0
XDG_SESSION_CLASS=user
XDG_SESSION_DESKTOP=rpd-labwc
XDG_SESSION_ID=1
XDG_SESSION_PATH=/org/freedesktop/DisplayManager/Session0
XDG_SESSION_TYPE=wayland
XDG_VTNR=7
XKB_DEFAULT_LAYOUT=us
XKB_DEFAULT_MODEL=pc105
XKB_DEFAULT_OPTIONS=
XKB_DEFAULT_VARIANT=
---
[0:00:52.607398296] [1725] [1;32m INFO [1;37mCamera [1;34mcamera_manager.cpp:340 [0mlibcamera v0.6.0+rpt20251202
[0:00:52.616358088] [1736] [1;32m INFO [1;37mRPI [1;34mpisp.cpp:720 [0mlibpisp version 1.3.0
[0:00:52.617138166] [1736] [1;33m WARN [1;37mCameraSensorProperties [1;34mcamera_sensor_properties.cpp:548 [0mNo static properties available for 'imx708_noir'
[0:00:52.617147049] [1736] [1;33m WARN [1;37mCameraSensorProperties [1;34mcamera_sensor_properties.cpp:550 [0mPlease consider updating the camera sensor properties database
[0:00:52.618898874] [1736] [1;32m INFO [1;37mIPAProxy [1;34mipa_proxy.cpp:180 [0mUsing tuning file /usr/share/libcamera/ipa/rpi/pisp/imx708_noir.json
[0:00:52.626723712] [1736] [1;33m WARN [1;37mCameraSensor [1;34mcamera_sensor_legacy.cpp:502 [0;32m'imx708_noir': [0mNo sensor delays found in static properties. Assuming unverified defaults.
[0:00:52.627139474] [1736] [1;32m INFO [1;37mCamera [1;34mcamera_manager.cpp:223 [0mAdding camera '/base/axi/pcie@1000120000/rp1/i2c@88000/imx708@1a' for pipeline handler rpi/pisp
[0:00:52.627147950] [1736] [1;32m INFO [1;37mRPI [1;34mpisp.cpp:1181 [0mRegistered camera /base/axi/pcie@1000120000/rp1/i2c@88000/imx708@1a to CFE device /dev/media0 and ISP device /dev/media2 using PiSP variant BCM2712_D0
[0:00:52.635331532] [1725] [1;32m INFO [1;37mCamera [1;34mcamera.cpp:1215 [0mconfiguring streams: (0) 4608x2592-RGB888/sRGB (1) 1280x720-RGB888/sRGB (2) 4608x2592-BGGR_PISP_COMP1/RAW
[0:00:52.635446142] [1736] [1;32m INFO [1;37mRPI [1;34mpisp.cpp:1485 [0mSensor: /base/axi/pcie@1000120000/rp1/i2c@88000/imx708@1a - Selected sensor format: 4608x2592-SBGGR10_1X10/RAW - Selected CFE format: 4608x2592-PC1B/RAW
[camera] Manual focus locked: 7.352 diopters
[camera] Live-view IR boost enabled: mode=Front IR, gain_floor=8.0, exposure_floor=20000µs
Traceback (most recent call last):
  File "/home/sybednar/projects/seedling_imager/main.py", line 12, in <module>
    from gui import SeedlingImagerGUI
  File "/home/sybednar/projects/seedling_imager/gui.py", line 10, in <module>
    from experiment_runner import ExperimentRunner
  File "/home/sybednar/projects/seedling_imager/experiment_runner.py", line 21, in <module>
    import motor_control
  File "/home/sybednar/projects/seedling_imager/motor_control.py", line 66, in <module>
    request = gpiod.request_lines(
        CHIP,
    ...<7 lines>...
        }
    )
  File "/home/sybednar/Seedling_Imager/lib/python3.13/site-packages/gpiod/__init__.py", line 119, in request_lines
    return chip.request_lines(
           ~~~~~~~~~~~~~~~~~~^
        config=config,
        ^^^^^^^^^^^^^^
    ...<2 lines>...
        output_values=output_values,
        ^^^^^^^^^^^^^^^^^^^^^^^^^^^^
    )
    ^
  File "/home/sybednar/Seedling_Imager/lib/python3.13/site-packages/gpiod/chip.py", line 331, in request_lines
    req_internal = cast(_ext.Chip, self._chip).request_lines(
        line_cfg, consumer, event_buffer_size
    )
OSError: [Errno 16] Device or resource busy
[motor] Homing started (dynamic bracket + backoff)
[motor] Hall triggered. Measuring optical window...
[motor] Leading (LOW) at 383 µsteps from hall
[motor] Window width W=21, center offset C=10
[motor] Bracket: CCW -> LOW
[motor] Bracket: CCW -> HIGH (past leading)
[motor] Bracket: CW -> LOW (re-validate leading)
[motor] Bracket: CW +10 µsteps to midpoint (frac=0.0, W=21)
[motor] Homing complete. Plate #1 centered.
[motor] Homing started (dynamic bracket + backoff)
[motor] Hall triggered. Measuring optical window...
[motor] Leading (LOW) at 390 µsteps from hall
[motor] Window width W=21, center offset C=10
[motor] Bracket: CCW -> LOW
[motor] Bracket: CCW -> HIGH (past leading)
[motor] Bracket: CW -> LOW (re-validate leading)
[motor] Bracket: CW +10 µsteps to midpoint (frac=0.0, W=21)
[motor] Homing complete. Plate #1 centered.
[camera] Live-view IR boost disabled (restored controls)
=== Wed May 20 05:04:32 PM CDT 2026 Seedling Imager autostart end ===
=== Wed May 20 09:24:10 PM CDT 2026 Seedling Imager autostart begin ===
DBUS_SESSION_BUS_ADDRESS=unix:path=/run/user/1000/bus
DESKTOP_SESSION=rpd-labwc
DESKTOP_STARTUP_ID=7a335d53a4f12ee155c187f9dde34481
DISPLAY=:0
GDMSESSION=rpd-labwc
GLIBC_TUNABLES=glibc.malloc.mmap_threshold=131072:glibc.malloc.trim_threshold=131072:glibc.malloc.tcache_count=0
GPG_AGENT_INFO=/run/user/1000/gnupg/S.gpg-agent:0:1
HOME=/home/sybednar
_JAVA_AWT_WM_NONREPARENTING=1
LABWC_FALLBACK_OUTPUT=NOOP-1
LABWC_PID=1200
LABWC_VER=0.9.2
LANG=en_US.UTF-8
LANGUAGE=en_US.UTF-8
LC_ALL=en_US.UTF-8
LOGNAME=sybednar
NO_AT_BRIDGE=1
PATH=/home/sybednar/bin:/usr/local/sbin:/usr/local/bin:/usr/sbin:/usr/bin:/sbin:/bin:/usr/local/games:/usr/games
PWD=/home/sybednar/projects/seedling_imager
QT_QPA_PLATFORMTHEME=qt5ct
QT_WAYLAND_DISABLE_WINDOWDECORATION=1
SAL_USE_VCLPLUGIN=gtk3
SHELL=/bin/bash
SHLVL=1
SSH_AGENT_PID=1272
SSH_AUTH_SOCK=/tmp/ssh-6vOtvu6GMKPJ/agent.1200
TEXTDOMAIN=pam_chksshpwd
USER=sybednar
_=/usr/bin/env
WAYLAND_DISPLAY=wayland-0
WLR_DRM_FORCE_LIBLIFTOFF=1
WLR_XWAYLAND=/usr/bin/xwayland-xauth
XAUTHORITY=/home/sybednar/.Xauthority
XCURSOR_SIZE=24
XCURSOR_THEME=PiXtrix
XDG_CURRENT_DESKTOP=labwc:wlroots
XDG_DATA_DIRS=~/.local/share:/usr/local/share:/usr/share/raspi-ui-overrides:/usr/share:/usr/share/gdm:/var/lib/menu-xdg
XDG_GREETER_DATA_DIR=/var/lib/lightdm/data/sybednar
XDG_MENU_PREFIX=rpd-
XDG_RUNTIME_DIR=/run/user/1000
XDG_SEAT_PATH=/org/freedesktop/DisplayManager/Seat0
XDG_SEAT=seat0
XDG_SESSION_CLASS=user
XDG_SESSION_DESKTOP=rpd-labwc
XDG_SESSION_ID=1
XDG_SESSION_PATH=/org/freedesktop/DisplayManager/Session0
XDG_SESSION_TYPE=wayland
XDG_VTNR=7
XKB_DEFAULT_LAYOUT=us
XKB_DEFAULT_MODEL=pc105
XKB_DEFAULT_OPTIONS=
XKB_DEFAULT_VARIANT=
---
=== Wed May 20 09:24:12 PM CDT 2026 Seedling Imager autostart begin ===
DBUS_SESSION_BUS_ADDRESS=unix:path=/run/user/1000/bus
DESKTOP_SESSION=rpd-labwc
DESKTOP_STARTUP_ID=0b1d570dd9b91b2317ae64a5ddb9f7dd
DISPLAY=:0
GDMSESSION=rpd-labwc
GLIBC_TUNABLES=glibc.malloc.mmap_threshold=131072:glibc.malloc.trim_threshold=131072:glibc.malloc.tcache_count=0
GPG_AGENT_INFO=/run/user/1000/gnupg/S.gpg-agent:0:1
HOME=/home/sybednar
_JAVA_AWT_WM_NONREPARENTING=1
LABWC_FALLBACK_OUTPUT=NOOP-1
LABWC_PID=1200
LABWC_VER=0.9.2
LANG=en_US.UTF-8
LANGUAGE=en_US.UTF-8
LC_ALL=en_US.UTF-8
LOGNAME=sybednar
NO_AT_BRIDGE=1
PATH=/home/sybednar/bin:/usr/local/sbin:/usr/local/bin:/usr/sbin:/usr/bin:/sbin:/bin:/usr/local/games:/usr/games
PWD=/home/sybednar/projects/seedling_imager
QT_QPA_PLATFORMTHEME=qt5ct
QT_WAYLAND_DISABLE_WINDOWDECORATION=1
SAL_USE_VCLPLUGIN=gtk3
SHELL=/bin/bash
SHLVL=1
SSH_AGENT_PID=1272
SSH_AUTH_SOCK=/tmp/ssh-6vOtvu6GMKPJ/agent.1200
TEXTDOMAIN=pam_chksshpwd
USER=sybednar
_=/usr/bin/env
WAYLAND_DISPLAY=wayland-0
WLR_DRM_FORCE_LIBLIFTOFF=1
WLR_XWAYLAND=/usr/bin/xwayland-xauth
XAUTHORITY=/home/sybednar/.Xauthority
XCURSOR_SIZE=24
XCURSOR_THEME=PiXtrix
XDG_CURRENT_DESKTOP=labwc:wlroots
XDG_DATA_DIRS=~/.local/share:/usr/local/share:/usr/share/raspi-ui-overrides:/usr/share:/usr/share/gdm:/var/lib/menu-xdg
XDG_GREETER_DATA_DIR=/var/lib/lightdm/data/sybednar
XDG_MENU_PREFIX=rpd-
XDG_RUNTIME_DIR=/run/user/1000
XDG_SEAT_PATH=/org/freedesktop/DisplayManager/Seat0
XDG_SEAT=seat0
XDG_SESSION_CLASS=user
XDG_SESSION_DESKTOP=rpd-labwc
XDG_SESSION_ID=1
XDG_SESSION_PATH=/org/freedesktop/DisplayManager/Session0
XDG_SESSION_TYPE=wayland
XDG_VTNR=7
XKB_DEFAULT_LAYOUT=us
XKB_DEFAULT_MODEL=pc105
XKB_DEFAULT_OPTIONS=
XKB_DEFAULT_VARIANT=
---
=== Wed May 20 09:24:13 PM CDT 2026 Seedling Imager autostart begin ===
DBUS_SESSION_BUS_ADDRESS=unix:path=/run/user/1000/bus
DESKTOP_SESSION=rpd-labwc
DESKTOP_STARTUP_ID=7e74466e8fdbcdf0c4ee09016789afc9
DISPLAY=:0
GDMSESSION=rpd-labwc
GLIBC_TUNABLES=glibc.malloc.mmap_threshold=131072:glibc.malloc.trim_threshold=131072:glibc.malloc.tcache_count=0
GPG_AGENT_INFO=/run/user/1000/gnupg/S.gpg-agent:0:1
HOME=/home/sybednar
_JAVA_AWT_WM_NONREPARENTING=1
LABWC_FALLBACK_OUTPUT=NOOP-1
LABWC_PID=1200
LABWC_VER=0.9.2
LANG=en_US.UTF-8
LANGUAGE=en_US.UTF-8
LC_ALL=en_US.UTF-8
LOGNAME=sybednar
NO_AT_BRIDGE=1
PATH=/home/sybednar/bin:/usr/local/sbin:/usr/local/bin:/usr/sbin:/usr/bin:/sbin:/bin:/usr/local/games:/usr/games
PWD=/home/sybednar/projects/seedling_imager
QT_QPA_PLATFORMTHEME=qt5ct
QT_WAYLAND_DISABLE_WINDOWDECORATION=1
SAL_USE_VCLPLUGIN=gtk3
SHELL=/bin/bash
SHLVL=1
SSH_AGENT_PID=1272
SSH_AUTH_SOCK=/tmp/ssh-6vOtvu6GMKPJ/agent.1200
TEXTDOMAIN=pam_chksshpwd
USER=sybednar
_=/usr/bin/env
WAYLAND_DISPLAY=wayland-0
WLR_DRM_FORCE_LIBLIFTOFF=1
WLR_XWAYLAND=/usr/bin/xwayland-xauth
XAUTHORITY=/home/sybednar/.Xauthority
XCURSOR_SIZE=24
XCURSOR_THEME=PiXtrix
XDG_CURRENT_DESKTOP=labwc:wlroots
XDG_DATA_DIRS=~/.local/share:/usr/local/share:/usr/share/raspi-ui-overrides:/usr/share:/usr/share/gdm:/var/lib/menu-xdg
XDG_GREETER_DATA_DIR=/var/lib/lightdm/data/sybednar
XDG_MENU_PREFIX=rpd-
XDG_RUNTIME_DIR=/run/user/1000
XDG_SEAT_PATH=/org/freedesktop/DisplayManager/Seat0
XDG_SEAT=seat0
XDG_SESSION_CLASS=user
XDG_SESSION_DESKTOP=rpd-labwc
XDG_SESSION_ID=1
XDG_SESSION_PATH=/org/freedesktop/DisplayManager/Session0
XDG_SESSION_TYPE=wayland
XDG_VTNR=7
XKB_DEFAULT_LAYOUT=us
XKB_DEFAULT_MODEL=pc105
XKB_DEFAULT_OPTIONS=
XKB_DEFAULT_VARIANT=
---
=== Wed May 20 09:24:14 PM CDT 2026 Seedling Imager autostart begin ===
DBUS_SESSION_BUS_ADDRESS=unix:path=/run/user/1000/bus
DESKTOP_SESSION=rpd-labwc
DESKTOP_STARTUP_ID=135c3a01e0dac6bf7536f867a94e83c1
DISPLAY=:0
GDMSESSION=rpd-labwc
GLIBC_TUNABLES=glibc.malloc.mmap_threshold=131072:glibc.malloc.trim_threshold=131072:glibc.malloc.tcache_count=0
GPG_AGENT_INFO=/run/user/1000/gnupg/S.gpg-agent:0:1
HOME=/home/sybednar
_JAVA_AWT_WM_NONREPARENTING=1
LABWC_FALLBACK_OUTPUT=NOOP-1
LABWC_PID=1200
LABWC_VER=0.9.2
LANG=en_US.UTF-8
LANGUAGE=en_US.UTF-8
LC_ALL=en_US.UTF-8
LOGNAME=sybednar
NO_AT_BRIDGE=1
PATH=/home/sybednar/bin:/usr/local/sbin:/usr/local/bin:/usr/sbin:/usr/bin:/sbin:/bin:/usr/local/games:/usr/games
PWD=/home/sybednar/projects/seedling_imager
QT_QPA_PLATFORMTHEME=qt5ct
QT_WAYLAND_DISABLE_WINDOWDECORATION=1
SAL_USE_VCLPLUGIN=gtk3
SHELL=/bin/bash
SHLVL=1
SSH_AGENT_PID=1272
SSH_AUTH_SOCK=/tmp/ssh-6vOtvu6GMKPJ/agent.1200
TEXTDOMAIN=pam_chksshpwd
USER=sybednar
_=/usr/bin/env
WAYLAND_DISPLAY=wayland-0
WLR_DRM_FORCE_LIBLIFTOFF=1
WLR_XWAYLAND=/usr/bin/xwayland-xauth
XAUTHORITY=/home/sybednar/.Xauthority
XCURSOR_SIZE=24
XCURSOR_THEME=PiXtrix
XDG_CURRENT_DESKTOP=labwc:wlroots
XDG_DATA_DIRS=~/.local/share:/usr/local/share:/usr/share/raspi-ui-overrides:/usr/share:/usr/share/gdm:/var/lib/menu-xdg
XDG_GREETER_DATA_DIR=/var/lib/lightdm/data/sybednar
XDG_MENU_PREFIX=rpd-
XDG_RUNTIME_DIR=/run/user/1000
XDG_SEAT_PATH=/org/freedesktop/DisplayManager/Seat0
XDG_SEAT=seat0
XDG_SESSION_CLASS=user
XDG_SESSION_DESKTOP=rpd-labwc
XDG_SESSION_ID=1
XDG_SESSION_PATH=/org/freedesktop/DisplayManager/Session0
XDG_SESSION_TYPE=wayland
XDG_VTNR=7
XKB_DEFAULT_LAYOUT=us
XKB_DEFAULT_MODEL=pc105
XKB_DEFAULT_OPTIONS=
XKB_DEFAULT_VARIANT=
---
[4:24:21.217404928] [2822] [1;32m INFO [1;37mCamera [1;34mcamera_manager.cpp:340 [0mlibcamera v0.6.0+rpt20251202
[4:24:21.227938611] [2835] [1;32m INFO [1;37mRPI [1;34mpisp.cpp:720 [0mlibpisp version 1.3.0
[4:24:21.228735777] [2835] [1;33m WARN [1;37mCameraSensorProperties [1;34mcamera_sensor_properties.cpp:548 [0mNo static properties available for 'imx708_noir'
[4:24:21.228750500] [2835] [1;33m WARN [1;37mCameraSensorProperties [1;34mcamera_sensor_properties.cpp:550 [0mPlease consider updating the camera sensor properties database
[4:24:21.230504258] [2835] [1;32m INFO [1;37mIPAProxy [1;34mipa_proxy.cpp:180 [0mUsing tuning file /usr/share/libcamera/ipa/rpi/pisp/imx708_noir.json
[4:24:21.238313368] [2835] [1;33m WARN [1;37mCameraSensor [1;34mcamera_sensor_legacy.cpp:502 [0;32m'imx708_noir': [0mNo sensor delays found in static properties. Assuming unverified defaults.
[4:24:21.238732646] [2835] [1;32m INFO [1;37mCamera [1;34mcamera_manager.cpp:223 [0mAdding camera '/base/axi/pcie@1000120000/rp1/i2c@88000/imx708@1a' for pipeline handler rpi/pisp
[4:24:21.238742386] [2835] [1;32m INFO [1;37mRPI [1;34mpisp.cpp:1181 [0mRegistered camera /base/axi/pcie@1000120000/rp1/i2c@88000/imx708@1a to CFE device /dev/media0 and ISP device /dev/media2 using PiSP variant BCM2712_D0
[4:24:21.242481978] [2822] [1;32m INFO [1;37mCamera [1;34mcamera.cpp:1215 [0mconfiguring streams: (0) 4608x2592-RGB888/sRGB (1) 1280x720-RGB888/sRGB (2) 4608x2592-BGGR_PISP_COMP1/RAW
[4:24:21.242599941] [2835] [1;32m INFO [1;37mRPI [1;34mpisp.cpp:1485 [0mSensor: /base/axi/pcie@1000120000/rp1/i2c@88000/imx708@1a - Selected sensor format: 4608x2592-SBGGR10_1X10/RAW - Selected CFE format: 4608x2592-PC1B/RAW
[camera] Manual focus locked: 7.352 diopters
Traceback (most recent call last):
  File "/home/sybednar/projects/seedling_imager/main.py", line 12, in <module>
    from gui import SeedlingImagerGUI
  File "/home/sybednar/projects/seedling_imager/gui.py", line 10, in <module>
    from experiment_runner import ExperimentRunner
  File "/home/sybednar/projects/seedling_imager/experiment_runner.py", line 21, in <module>
    import motor_control
  File "/home/sybednar/projects/seedling_imager/motor_control.py", line 66, in <module>
    request = gpiod.request_lines(
        CHIP,
    ...<7 lines>...
        }
    )
  File "/home/sybednar/Seedling_Imager/lib/python3.13/site-packages/gpiod/__init__.py", line 119, in request_lines
    return chip.request_lines(
           ~~~~~~~~~~~~~~~~~~^
        config=config,
        ^^^^^^^^^^^^^^
    ...<2 lines>...
        output_values=output_values,
        ^^^^^^^^^^^^^^^^^^^^^^^^^^^^
    )
    ^
  File "/home/sybednar/Seedling_Imager/lib/python3.13/site-packages/gpiod/chip.py", line 331, in request_lines
    req_internal = cast(_ext.Chip, self._chip).request_lines(
        line_cfg, consumer, event_buffer_size
    )
OSError: [Errno 16] Device or resource busy
[camera] Live-view IR boost enabled: mode=Front IR, gain_floor=8.0, exposure_floor=20000µs
Traceback (most recent call last):
  File "/home/sybednar/projects/seedling_imager/main.py", line 12, in <module>
    from gui import SeedlingImagerGUI
  File "/home/sybednar/projects/seedling_imager/gui.py", line 10, in <module>
    from experiment_runner import ExperimentRunner
  File "/home/sybednar/projects/seedling_imager/experiment_runner.py", line 21, in <module>
    import motor_control
  File "/home/sybednar/projects/seedling_imager/motor_control.py", line 66, in <module>
    request = gpiod.request_lines(
        CHIP,
    ...<7 lines>...
        }
    )
  File "/home/sybednar/Seedling_Imager/lib/python3.13/site-packages/gpiod/__init__.py", line 119, in request_lines
    return chip.request_lines(
           ~~~~~~~~~~~~~~~~~~^
        config=config,
        ^^^^^^^^^^^^^^
    ...<2 lines>...
        output_values=output_values,
        ^^^^^^^^^^^^^^^^^^^^^^^^^^^^
    )
    ^
  File "/home/sybednar/Seedling_Imager/lib/python3.13/site-packages/gpiod/chip.py", line 331, in request_lines
    req_internal = cast(_ext.Chip, self._chip).request_lines(
        line_cfg, consumer, event_buffer_size
    )
OSError: [Errno 16] Device or resource busy
Traceback (most recent call last):
  File "/home/sybednar/projects/seedling_imager/main.py", line 12, in <module>
    from gui import SeedlingImagerGUI
  File "/home/sybednar/projects/seedling_imager/gui.py", line 10, in <module>
    from experiment_runner import ExperimentRunner
  File "/home/sybednar/projects/seedling_imager/experiment_runner.py", line 21, in <module>
    import motor_control
  File "/home/sybednar/projects/seedling_imager/motor_control.py", line 66, in <module>
    request = gpiod.request_lines(
        CHIP,
    ...<7 lines>...
        }
    )
  File "/home/sybednar/Seedling_Imager/lib/python3.13/site-packages/gpiod/__init__.py", line 119, in request_lines
    return chip.request_lines(
           ~~~~~~~~~~~~~~~~~~^
        config=config,
        ^^^^^^^^^^^^^^
    ...<2 lines>...
        output_values=output_values,
        ^^^^^^^^^^^^^^^^^^^^^^^^^^^^
    )
    ^
  File "/home/sybednar/Seedling_Imager/lib/python3.13/site-packages/gpiod/chip.py", line 331, in request_lines
    req_internal = cast(_ext.Chip, self._chip).request_lines(
        line_cfg, consumer, event_buffer_size
    )
OSError: [Errno 16] Device or resource busy
[motor] Homing started (dynamic bracket + backoff)
[motor] Hall triggered. Measuring optical window...
[motor] Leading (LOW) at 390 µsteps from hall
[motor] Window width W=21, center offset C=10
[motor] Bracket: CCW -> LOW
[motor] Bracket: CCW -> HIGH (past leading)
[motor] Bracket: CW -> LOW (re-validate leading)
[motor] Bracket: CW +11 µsteps to midpoint (frac=-0.02, W=21)
[motor] Homing complete. Plate #1 centered.
[motor] Homing started (dynamic bracket + backoff)
[motor] Hall triggered. Measuring optical window...
[motor] Error: optical LOW not found
[motor] Homing started (dynamic bracket + backoff)
[motor] Hall triggered. Measuring optical window...
[motor] Leading (LOW) at 389 µsteps from hall
[motor] Window width W=22, center offset C=11
[motor] Bracket: CCW -> LOW
[motor] Bracket: CCW -> HIGH (past leading)
[motor] Bracket: CW -> LOW (re-validate leading)
[motor] Bracket: CW +11 µsteps to midpoint (frac=-0.02, W=22)
[motor] Homing complete. Plate #1 centered.
[motor] Homing started (dynamic bracket + backoff)
[motor] Hall triggered. Measuring optical window...
[motor] Error: optical LOW not found
[motor] Homing started (dynamic bracket + backoff)
[motor] Hall triggered. Measuring optical window...
[motor] Leading (LOW) at 388 µsteps from hall
[motor] Window width W=21, center offset C=10
[motor] Bracket: CCW -> LOW
[motor] Bracket: CCW -> HIGH (past leading)
[motor] Bracket: CW -> LOW (re-validate leading)
[motor] Bracket: CW +11 µsteps to midpoint (frac=-0.02, W=21)
[motor] Homing complete. Plate #1 centered.
[camera] Live-view IR boost disabled (restored controls)
=== Wed May 20 09:39:33 PM CDT 2026 Seedling Imager autostart end ===
=== Tue May 26 11:48:27 PM CDT 2026 Seedling Imager autostart begin ===
DBUS_SESSION_BUS_ADDRESS=unix:path=/run/user/1000/bus
DESKTOP_SESSION=rpd-labwc
DISPLAY=:0
GDMSESSION=rpd-labwc
GPG_AGENT_INFO=/run/user/1000/gnupg/S.gpg-agent:0:1
HOME=/home/sybednar
_JAVA_AWT_WM_NONREPARENTING=1
LABWC_FALLBACK_OUTPUT=NOOP-1
LABWC_PID=1195
LABWC_VER=0.9.2
LANG=en_US.UTF-8
LANGUAGE=en_US.UTF-8
LC_ALL=en_US.UTF-8
LOGNAME=sybednar
NO_AT_BRIDGE=1
PATH=/home/sybednar/bin:/usr/local/sbin:/usr/local/bin:/usr/sbin:/usr/bin:/sbin:/bin:/usr/local/games:/usr/games
PWD=/home/sybednar
QT_QPA_PLATFORMTHEME=qt5ct
QT_WAYLAND_DISABLE_WINDOWDECORATION=1
SAL_USE_VCLPLUGIN=gtk3
SHELL=/bin/bash
SHLVL=1
SSH_AGENT_PID=1274
SSH_AUTH_SOCK=/tmp/ssh-B6rCx5bcQWJA/agent.1195
TEXTDOMAIN=pam_chksshpwd
USER=sybednar
_=/usr/bin/env
WAYLAND_DISPLAY=wayland-0
WLR_DRM_FORCE_LIBLIFTOFF=1
WLR_XWAYLAND=/usr/bin/xwayland-xauth
XAUTHORITY=/home/sybednar/.Xauthority
XCURSOR_SIZE=24
XCURSOR_THEME=PiXtrix
XDG_CURRENT_DESKTOP=labwc:wlroots
XDG_DATA_DIRS=~/.local/share:/usr/local/share:/usr/share/raspi-ui-overrides:/usr/share:/usr/share/gdm:/var/lib/menu-xdg
XDG_GREETER_DATA_DIR=/var/lib/lightdm/data/sybednar
XDG_MENU_PREFIX=rpd-
XDG_RUNTIME_DIR=/run/user/1000
XDG_SEAT_PATH=/org/freedesktop/DisplayManager/Seat0
XDG_SEAT=seat0
XDG_SESSION_CLASS=user
XDG_SESSION_DESKTOP=rpd-labwc
XDG_SESSION_ID=1
XDG_SESSION_PATH=/org/freedesktop/DisplayManager/Session0
XDG_SESSION_TYPE=wayland
XDG_VTNR=7
XKB_DEFAULT_LAYOUT=us
XKB_DEFAULT_MODEL=pc105
XKB_DEFAULT_OPTIONS=
XKB_DEFAULT_VARIANT=
---
[0:00:09.838353215] [1630] [1;32m INFO [1;37mCamera [1;34mcamera_manager.cpp:340 [0mlibcamera v0.6.0+rpt20251202
[0:00:09.847022604] [1636] [1;32m INFO [1;37mRPI [1;34mpisp.cpp:720 [0mlibpisp version 1.3.0
[0:00:09.847730845] [1636] [1;33m WARN [1;37mCameraSensorProperties [1;34mcamera_sensor_properties.cpp:548 [0mNo static properties available for 'imx708_noir'
[0:00:09.847741548] [1636] [1;33m WARN [1;37mCameraSensorProperties [1;34mcamera_sensor_properties.cpp:550 [0mPlease consider updating the camera sensor properties database
[0:00:09.849444641] [1636] [1;32m INFO [1;37mIPAProxy [1;34mipa_proxy.cpp:180 [0mUsing tuning file /usr/share/libcamera/ipa/rpi/pisp/imx708_noir.json
[0:00:09.855832863] [1636] [1;33m WARN [1;37mCameraSensor [1;34mcamera_sensor_legacy.cpp:502 [0;32m'imx708_noir': [0mNo sensor delays found in static properties. Assuming unverified defaults.
[0:00:09.856255715] [1636] [1;32m INFO [1;37mCamera [1;34mcamera_manager.cpp:223 [0mAdding camera '/base/axi/pcie@1000120000/rp1/i2c@88000/imx708@1a' for pipeline handler rpi/pisp
[0:00:09.856268011] [1636] [1;32m INFO [1;37mRPI [1;34mpisp.cpp:1181 [0mRegistered camera /base/axi/pcie@1000120000/rp1/i2c@88000/imx708@1a to CFE device /dev/media3 and ISP device /dev/media1 using PiSP variant BCM2712_D0
[0:00:09.859900863] [1630] [1;32m INFO [1;37mCamera [1;34mcamera.cpp:1215 [0mconfiguring streams: (0) 4608x2592-RGB888/sRGB (1) 1280x720-RGB888/sRGB (2) 4608x2592-BGGR_PISP_COMP1/RAW
[0:00:09.860010882] [1636] [1;32m INFO [1;37mRPI [1;34mpisp.cpp:1485 [0mSensor: /base/axi/pcie@1000120000/rp1/i2c@88000/imx708@1a - Selected sensor format: 4608x2592-SBGGR10_1X10/RAW - Selected CFE format: 4608x2592-PC1B/RAW
[camera] Manual focus locked: 7.352 diopters
[camera] Live-view IR boost enabled: mode=Front IR, gain_floor=8.0, exposure_floor=20000µs
[motor] Homing started (dynamic bracket + backoff)
[motor] Hall triggered. Measuring optical window...
[motor] Leading (LOW) at 397 µsteps from hall
[motor] Window width W=22, center offset C=11
[motor] Bracket: CCW -> LOW
[motor] Bracket: CCW -> HIGH (past leading)
[motor] Bracket: CW -> LOW (re-validate leading)
[motor] Bracket: CW +11 µsteps to midpoint (frac=0.0, W=22)
[motor] Homing complete. Plate #1 centered.
[motor] Homing started (dynamic bracket + backoff)
[motor] Hall triggered. Measuring optical window...
[motor] Leading (LOW) at 392 µsteps from hall
[motor] Window width W=22, center offset C=11
[motor] Bracket: CCW -> LOW
[motor] Bracket: CCW -> HIGH (past leading)
[motor] Bracket: CW -> LOW (re-validate leading)
[motor] Bracket: CW +11 µsteps to midpoint (frac=0.0, W=22)
[motor] Homing complete. Plate #1 centered.
[camera] Live-view IR boost disabled (restored controls)
[camera] Manual focus locked: 7.352 diopters
[camera] Live-view IR boost enabled: mode=Rear IR, gain_floor=1.0, exposure_floor=500µs
[motor] Homing started (dynamic bracket + backoff)
[motor] Hall triggered. Measuring optical window...
[motor] Leading (LOW) at 401 µsteps from hall
[motor] Window width W=23, center offset C=11
[motor] Bracket: CCW -> LOW
[motor] Bracket: CCW -> HIGH (past leading)
[motor] Bracket: CW -> LOW (re-validate leading)
[motor] Bracket: CW +12 µsteps to midpoint (frac=0.0, W=23)
[motor] Homing complete. Plate #1 centered.
[camera] Live-view IR boost disabled (restored controls)
[camera] Manual focus locked: 7.352 diopters
[motor] Moved to Plate #2
[motor] Moved to Plate #3
[motor] Moved to Plate #4
[motor] Moved to Plate #5
[motor] Moved to Plate #6
[motor] Bracket: CCW -> LOW
[motor] Bracket: CCW -> HIGH (past leading)
[motor] Bracket: CW -> LOW (re-validate leading)
[motor] Bracket: CW +12 µsteps to midpoint (frac=0.0, W=23)
[motor] Moved to Plate #2
[motor] Moved to Plate #3
[motor] Moved to Plate #4
[motor] Moved to Plate #5
=== Thu May 28 12:44:28 PM CDT 2026 Seedling Imager autostart end ===
=== Fri May 29 01:12:08 AM CDT 2026 Seedling Imager autostart begin ===
DBUS_SESSION_BUS_ADDRESS=unix:path=/run/user/1000/bus
DESKTOP_SESSION=rpd-labwc
DESKTOP_STARTUP_ID=2fbecab28e51335ba15193a98218e37f
DISPLAY=:0
GDMSESSION=rpd-labwc
GLIBC_TUNABLES=glibc.malloc.mmap_threshold=131072:glibc.malloc.trim_threshold=131072:glibc.malloc.tcache_count=0
GPG_AGENT_INFO=/run/user/1000/gnupg/S.gpg-agent:0:1
HOME=/home/sybednar
_JAVA_AWT_WM_NONREPARENTING=1
LABWC_FALLBACK_OUTPUT=NOOP-1
LABWC_PID=1195
LABWC_VER=0.9.2
LANG=en_US.UTF-8
LANGUAGE=en_US.UTF-8
LC_ALL=en_US.UTF-8
LOGNAME=sybednar
NO_AT_BRIDGE=1
PATH=/home/sybednar/bin:/usr/local/sbin:/usr/local/bin:/usr/sbin:/usr/bin:/sbin:/bin:/usr/local/games:/usr/games
PWD=/home/sybednar/projects/seedling_imager
QT_QPA_PLATFORMTHEME=qt5ct
QT_WAYLAND_DISABLE_WINDOWDECORATION=1
SAL_USE_VCLPLUGIN=gtk3
SHELL=/bin/bash
SHLVL=1
SSH_AGENT_PID=1274
SSH_AUTH_SOCK=/tmp/ssh-B6rCx5bcQWJA/agent.1195
TEXTDOMAIN=pam_chksshpwd
USER=sybednar
_=/usr/bin/env
WAYLAND_DISPLAY=wayland-0
WLR_DRM_FORCE_LIBLIFTOFF=1
WLR_XWAYLAND=/usr/bin/xwayland-xauth
XAUTHORITY=/home/sybednar/.Xauthority
XCURSOR_SIZE=24
XCURSOR_THEME=PiXtrix
XDG_CURRENT_DESKTOP=labwc:wlroots
XDG_DATA_DIRS=~/.local/share:/usr/local/share:/usr/share/raspi-ui-overrides:/usr/share:/usr/share/gdm:/var/lib/menu-xdg
XDG_GREETER_DATA_DIR=/var/lib/lightdm/data/sybednar
XDG_MENU_PREFIX=rpd-
XDG_RUNTIME_DIR=/run/user/1000
XDG_SEAT_PATH=/org/freedesktop/DisplayManager/Seat0
XDG_SEAT=seat0
XDG_SESSION_CLASS=user
XDG_SESSION_DESKTOP=rpd-labwc
XDG_SESSION_ID=1
XDG_SESSION_PATH=/org/freedesktop/DisplayManager/Session0
XDG_SESSION_TYPE=wayland
XDG_VTNR=7
XKB_DEFAULT_LAYOUT=us
XKB_DEFAULT_MODEL=pc105
XKB_DEFAULT_OPTIONS=
XKB_DEFAULT_VARIANT=
---
=== Fri May 29 01:12:08 AM CDT 2026 Seedling Imager autostart begin ===
DBUS_SESSION_BUS_ADDRESS=unix:path=/run/user/1000/bus
DESKTOP_SESSION=rpd-labwc
DESKTOP_STARTUP_ID=2ccc2d2c68ea66363f2d536efdbbd238
DISPLAY=:0
GDMSESSION=rpd-labwc
GLIBC_TUNABLES=glibc.malloc.mmap_threshold=131072:glibc.malloc.trim_threshold=131072:glibc.malloc.tcache_count=0
GPG_AGENT_INFO=/run/user/1000/gnupg/S.gpg-agent:0:1
HOME=/home/sybednar
_JAVA_AWT_WM_NONREPARENTING=1
LABWC_FALLBACK_OUTPUT=NOOP-1
LABWC_PID=1195
LABWC_VER=0.9.2
LANG=en_US.UTF-8
LANGUAGE=en_US.UTF-8
LC_ALL=en_US.UTF-8
LOGNAME=sybednar
NO_AT_BRIDGE=1
PATH=/home/sybednar/bin:/usr/local/sbin:/usr/local/bin:/usr/sbin:/usr/bin:/sbin:/bin:/usr/local/games:/usr/games
PWD=/home/sybednar/projects/seedling_imager
QT_QPA_PLATFORMTHEME=qt5ct
QT_WAYLAND_DISABLE_WINDOWDECORATION=1
SAL_USE_VCLPLUGIN=gtk3
SHELL=/bin/bash
SHLVL=1
SSH_AGENT_PID=1274
SSH_AUTH_SOCK=/tmp/ssh-B6rCx5bcQWJA/agent.1195
TEXTDOMAIN=pam_chksshpwd
USER=sybednar
_=/usr/bin/env
WAYLAND_DISPLAY=wayland-0
WLR_DRM_FORCE_LIBLIFTOFF=1
WLR_XWAYLAND=/usr/bin/xwayland-xauth
XAUTHORITY=/home/sybednar/.Xauthority
XCURSOR_SIZE=24
XCURSOR_THEME=PiXtrix
XDG_CURRENT_DESKTOP=labwc:wlroots
XDG_DATA_DIRS=~/.local/share:/usr/local/share:/usr/share/raspi-ui-overrides:/usr/share:/usr/share/gdm:/var/lib/menu-xdg
XDG_GREETER_DATA_DIR=/var/lib/lightdm/data/sybednar
XDG_MENU_PREFIX=rpd-
XDG_RUNTIME_DIR=/run/user/1000
XDG_SEAT_PATH=/org/freedesktop/DisplayManager/Seat0
XDG_SEAT=seat0
XDG_SESSION_CLASS=user
XDG_SESSION_DESKTOP=rpd-labwc
XDG_SESSION_ID=1
XDG_SESSION_PATH=/org/freedesktop/DisplayManager/Session0
XDG_SESSION_TYPE=wayland
XDG_VTNR=7
XKB_DEFAULT_LAYOUT=us
XKB_DEFAULT_MODEL=pc105
XKB_DEFAULT_OPTIONS=
XKB_DEFAULT_VARIANT=
---
=== Fri May 29 01:12:09 AM CDT 2026 Seedling Imager autostart begin ===
DBUS_SESSION_BUS_ADDRESS=unix:path=/run/user/1000/bus
DESKTOP_SESSION=rpd-labwc
DESKTOP_STARTUP_ID=068b1055cb0fc9452f5f4508abce3c08
DISPLAY=:0
GDMSESSION=rpd-labwc
GLIBC_TUNABLES=glibc.malloc.mmap_threshold=131072:glibc.malloc.trim_threshold=131072:glibc.malloc.tcache_count=0
GPG_AGENT_INFO=/run/user/1000/gnupg/S.gpg-agent:0:1
HOME=/home/sybednar
_JAVA_AWT_WM_NONREPARENTING=1
LABWC_FALLBACK_OUTPUT=NOOP-1
LABWC_PID=1195
LABWC_VER=0.9.2
LANG=en_US.UTF-8
LANGUAGE=en_US.UTF-8
LC_ALL=en_US.UTF-8
LOGNAME=sybednar
NO_AT_BRIDGE=1
PATH=/home/sybednar/bin:/usr/local/sbin:/usr/local/bin:/usr/sbin:/usr/bin:/sbin:/bin:/usr/local/games:/usr/games
PWD=/home/sybednar/projects/seedling_imager
QT_QPA_PLATFORMTHEME=qt5ct
QT_WAYLAND_DISABLE_WINDOWDECORATION=1
SAL_USE_VCLPLUGIN=gtk3
SHELL=/bin/bash
SHLVL=1
SSH_AGENT_PID=1274
SSH_AUTH_SOCK=/tmp/ssh-B6rCx5bcQWJA/agent.1195
TEXTDOMAIN=pam_chksshpwd
USER=sybednar
_=/usr/bin/env
WAYLAND_DISPLAY=wayland-0
WLR_DRM_FORCE_LIBLIFTOFF=1
WLR_XWAYLAND=/usr/bin/xwayland-xauth
XAUTHORITY=/home/sybednar/.Xauthority
XCURSOR_SIZE=24
XCURSOR_THEME=PiXtrix
XDG_CURRENT_DESKTOP=labwc:wlroots
XDG_DATA_DIRS=~/.local/share:/usr/local/share:/usr/share/raspi-ui-overrides:/usr/share:/usr/share/gdm:/var/lib/menu-xdg
XDG_GREETER_DATA_DIR=/var/lib/lightdm/data/sybednar
XDG_MENU_PREFIX=rpd-
XDG_RUNTIME_DIR=/run/user/1000
XDG_SEAT_PATH=/org/freedesktop/DisplayManager/Seat0
XDG_SEAT=seat0
XDG_SESSION_CLASS=user
XDG_SESSION_DESKTOP=rpd-labwc
XDG_SESSION_ID=1
XDG_SESSION_PATH=/org/freedesktop/DisplayManager/Session0
XDG_SESSION_TYPE=wayland
XDG_VTNR=7
XKB_DEFAULT_LAYOUT=us
XKB_DEFAULT_MODEL=pc105
XKB_DEFAULT_OPTIONS=
XKB_DEFAULT_VARIANT=
---
Traceback (most recent call last):
  File "/home/sybednar/projects/seedling_imager/main.py", line 12, in <module>
    from gui import SeedlingImagerGUI
  File "/home/sybednar/projects/seedling_imager/gui.py", line 10, in <module>
    from experiment_runner import ExperimentRunner
  File "/home/sybednar/projects/seedling_imager/experiment_runner.py", line 21, in <module>
    import motor_control
  File "/home/sybednar/projects/seedling_imager/motor_control.py", line 59, in <module>
    request = gpiod.request_lines(
        CHIP,
    ...<7 lines>...
        }
    )
  File "/home/sybednar/Seedling_Imager/lib/python3.13/site-packages/gpiod/__init__.py", line 119, in request_lines
    return chip.request_lines(
           ~~~~~~~~~~~~~~~~~~^
        config=config,
        ^^^^^^^^^^^^^^
    ...<2 lines>...
        output_values=output_values,
        ^^^^^^^^^^^^^^^^^^^^^^^^^^^^
    )
    ^
  File "/home/sybednar/Seedling_Imager/lib/python3.13/site-packages/gpiod/chip.py", line 331, in request_lines
    req_internal = cast(_ext.Chip, self._chip).request_lines(
        line_cfg, consumer, event_buffer_size
    )
OSError: [Errno 16] Device or resource busy
[12:36:20.038807682] [2494] [1;32m INFO [1;37mCamera [1;34mcamera_manager.cpp:340 [0mlibcamera v0.6.0+rpt20251202
[12:36:20.051891276] [2503] [1;32m INFO [1;37mRPI [1;34mpisp.cpp:720 [0mlibpisp version 1.3.0
[12:36:20.052679961] [2503] [1;33m WARN [1;37mCameraSensorProperties [1;34mcamera_sensor_properties.cpp:548 [0mNo static properties available for 'imx708_noir'
[12:36:20.052692275] [2503] [1;33m WARN [1;37mCameraSensorProperties [1;34mcamera_sensor_properties.cpp:550 [0mPlease consider updating the camera sensor properties database
[12:36:20.054446217] [2503] [1;32m INFO [1;37mIPAProxy [1;34mipa_proxy.cpp:180 [0mUsing tuning file /usr/share/libcamera/ipa/rpi/pisp/imx708_noir.json
[12:36:20.062197911] [2503] [1;33m WARN [1;37mCameraSensor [1;34mcamera_sensor_legacy.cpp:502 [0;32m'imx708_noir': [0mNo sensor delays found in static properties. Assuming unverified defaults.
[12:36:20.062615707] [2503] [1;32m INFO [1;37mCamera [1;34mcamera_manager.cpp:223 [0mAdding camera '/base/axi/pcie@1000120000/rp1/i2c@88000/imx708@1a' for pipeline handler rpi/pisp
[12:36:20.062623781] [2503] [1;32m INFO [1;37mRPI [1;34mpisp.cpp:1181 [0mRegistered camera /base/axi/pcie@1000120000/rp1/i2c@88000/imx708@1a to CFE device /dev/media3 and ISP device /dev/media1 using PiSP variant BCM2712_D0
[12:36:20.066320943] [2494] [1;32m INFO [1;37mCamera [1;34mcamera.cpp:1215 [0mconfiguring streams: (0) 4608x2592-RGB888/sRGB (1) 1280x720-RGB888/sRGB (2) 4608x2592-BGGR_PISP_COMP1/RAW
[12:36:20.066438183] [2503] [1;32m INFO [1;37mRPI [1;34mpisp.cpp:1485 [0mSensor: /base/axi/pcie@1000120000/rp1/i2c@88000/imx708@1a - Selected sensor format: 4608x2592-SBGGR10_1X10/RAW - Selected CFE format: 4608x2592-PC1B/RAW
[camera] Manual focus locked: 7.352 diopters
Traceback (most recent call last):
  File "/home/sybednar/projects/seedling_imager/main.py", line 12, in <module>
    from gui import SeedlingImagerGUI
  File "/home/sybednar/projects/seedling_imager/gui.py", line 10, in <module>
    from experiment_runner import ExperimentRunner
  File "/home/sybednar/projects/seedling_imager/experiment_runner.py", line 21, in <module>
    import motor_control
  File "/home/sybednar/projects/seedling_imager/motor_control.py", line 59, in <module>
    request = gpiod.request_lines(
        CHIP,
    ...<7 lines>...
        }
    )
  File "/home/sybednar/Seedling_Imager/lib/python3.13/site-packages/gpiod/__init__.py", line 119, in request_lines
    return chip.request_lines(
           ~~~~~~~~~~~~~~~~~~^
        config=config,
        ^^^^^^^^^^^^^^
    ...<2 lines>...
        output_values=output_values,
        ^^^^^^^^^^^^^^^^^^^^^^^^^^^^
    )
    ^
  File "/home/sybednar/Seedling_Imager/lib/python3.13/site-packages/gpiod/chip.py", line 331, in request_lines
    req_internal = cast(_ext.Chip, self._chip).request_lines(
        line_cfg, consumer, event_buffer_size
    )
OSError: [Errno 16] Device or resource busy
[camera] Live-view IR boost enabled: mode=Front IR, gain_floor=8.0, exposure_floor=20000µs
[motor] Homing started (dynamic bracket + backoff)
[motor] Hall triggered. Measuring optical window...
[motor] Leading (LOW) at 398 µsteps from hall
[motor] Window width W=24, center offset C=12
[motor] Bracket: CCW -> LOW
[motor] Bracket: CCW -> HIGH (past leading)
[motor] Bracket: CW -> LOW (re-validate leading)
[motor] Bracket: CW +12 µsteps to midpoint (frac=0.0, W=24)
[motor] Homing complete. Plate #1 centered.
[motor] Homing started (dynamic bracket + backoff)
[motor] Hall triggered. Measuring optical window...
[motor] Leading (LOW) at 399 µsteps from hall
[motor] Window width W=23, center offset C=11
[motor] Bracket: CCW -> LOW
[motor] Bracket: CCW -> HIGH (past leading)
[motor] Bracket: CW -> LOW (re-validate leading)
[motor] Bracket: CW +12 µsteps to midpoint (frac=0.0, W=23)
[motor] Homing complete. Plate #1 centered.
[motor] Homing started (dynamic bracket + backoff)
[motor] Hall triggered. Measuring optical window...
[motor] Leading (LOW) at 401 µsteps from hall
[motor] Window width W=23, center offset C=11
[motor] Bracket: CCW -> LOW
[motor] Bracket: CCW -> HIGH (past leading)
[motor] Bracket: CW -> LOW (re-validate leading)
[motor] Bracket: CW +12 µsteps to midpoint (frac=0.0, W=23)
[motor] Homing complete. Plate #1 centered.
[motor] Homing started (dynamic bracket + backoff)
[motor] Hall triggered. Measuring optical window...
[motor] Error: optical LOW not found
[motor] Homing started (dynamic bracket + backoff)
[motor] Hall triggered. Measuring optical window...
[motor] Leading (LOW) at 602 µsteps from hall
[motor] Window width W=23, center offset C=11
[motor] Bracket: CCW -> LOW
[motor] Bracket: CCW -> HIGH (past leading)
[motor] Bracket: CW -> LOW (re-validate leading)
[motor] Bracket: CW +12 µsteps to midpoint (frac=0.0, W=23)
[motor] Homing complete. Plate #1 centered.
[motor] Homing started (dynamic bracket + backoff)
[motor] Hall triggered. Measuring optical window...
[motor] Error: optical LOW not found
[motor] Moved to Plate #2
[motor] Moved to Plate #3
[motor] Moved to Plate #4
[motor] Moved to Plate #5
[motor] Moved to Plate #6
[motor] Moved to Plate #1
[motor] Re-center: CCW -> LOW
[motor] Re-center: CCW -> HIGH (past leading)
[motor] Re-center: CW -> LOW (re-validate leading)
[motor] Re-center: CW +12 µsteps to midpoint (frac=0.0, W=23)
[motor] Re-center used W=23, frac=0.0, ok=True
[motor] Moved to Plate #2
[motor] Moved to Plate #3
[camera] Live-view IR boost disabled (restored controls)
=== Fri May 29 05:50:36 PM CDT 2026 Seedling Imager autostart end ===
=== Fri May 29 06:38:31 PM CDT 2026 Seedling Imager autostart begin ===
DBUS_SESSION_BUS_ADDRESS=unix:path=/run/user/1000/bus
DESKTOP_SESSION=rpd-labwc
DESKTOP_STARTUP_ID=ad7368c58620e051d2a9e1047212a4e9
DISPLAY=:0
GDMSESSION=rpd-labwc
GLIBC_TUNABLES=glibc.malloc.mmap_threshold=131072:glibc.malloc.trim_threshold=131072:glibc.malloc.tcache_count=0
GPG_AGENT_INFO=/run/user/1000/gnupg/S.gpg-agent:0:1
HOME=/home/sybednar
_JAVA_AWT_WM_NONREPARENTING=1
LABWC_FALLBACK_OUTPUT=NOOP-1
LABWC_PID=1195
LABWC_VER=0.9.2
LANG=en_US.UTF-8
LANGUAGE=en_US.UTF-8
LC_ALL=en_US.UTF-8
LOGNAME=sybednar
NO_AT_BRIDGE=1
PATH=/home/sybednar/bin:/usr/local/sbin:/usr/local/bin:/usr/sbin:/usr/bin:/sbin:/bin:/usr/local/games:/usr/games
PWD=/home/sybednar/projects/seedling_imager
QT_QPA_PLATFORMTHEME=qt5ct
QT_WAYLAND_DISABLE_WINDOWDECORATION=1
SAL_USE_VCLPLUGIN=gtk3
SHELL=/bin/bash
SHLVL=1
SSH_AGENT_PID=1274
SSH_AUTH_SOCK=/tmp/ssh-B6rCx5bcQWJA/agent.1195
TEXTDOMAIN=pam_chksshpwd
USER=sybednar
_=/usr/bin/env
WAYLAND_DISPLAY=wayland-0
WLR_DRM_FORCE_LIBLIFTOFF=1
WLR_XWAYLAND=/usr/bin/xwayland-xauth
XAUTHORITY=/home/sybednar/.Xauthority
XCURSOR_SIZE=24
XCURSOR_THEME=PiXtrix
XDG_CURRENT_DESKTOP=labwc:wlroots
XDG_DATA_DIRS=~/.local/share:/usr/local/share:/usr/share/raspi-ui-overrides:/usr/share:/usr/share/gdm:/var/lib/menu-xdg
XDG_GREETER_DATA_DIR=/var/lib/lightdm/data/sybednar
XDG_MENU_PREFIX=rpd-
XDG_RUNTIME_DIR=/run/user/1000
XDG_SEAT_PATH=/org/freedesktop/DisplayManager/Seat0
XDG_SEAT=seat0
XDG_SESSION_CLASS=user
XDG_SESSION_DESKTOP=rpd-labwc
XDG_SESSION_ID=1
XDG_SESSION_PATH=/org/freedesktop/DisplayManager/Session0
XDG_SESSION_TYPE=wayland
XDG_VTNR=7
XKB_DEFAULT_LAYOUT=us
XKB_DEFAULT_MODEL=pc105
XKB_DEFAULT_OPTIONS=
XKB_DEFAULT_VARIANT=
---
=== Fri May 29 06:38:34 PM CDT 2026 Seedling Imager autostart begin ===
DBUS_SESSION_BUS_ADDRESS=unix:path=/run/user/1000/bus
DESKTOP_SESSION=rpd-labwc
DESKTOP_STARTUP_ID=5f62875b63c01ae64f837af79e4acc07
DISPLAY=:0
GDMSESSION=rpd-labwc
GLIBC_TUNABLES=glibc.malloc.mmap_threshold=131072:glibc.malloc.trim_threshold=131072:glibc.malloc.tcache_count=0
GPG_AGENT_INFO=/run/user/1000/gnupg/S.gpg-agent:0:1
HOME=/home/sybednar
_JAVA_AWT_WM_NONREPARENTING=1
LABWC_FALLBACK_OUTPUT=NOOP-1
LABWC_PID=1195
LABWC_VER=0.9.2
LANG=en_US.UTF-8
LANGUAGE=en_US.UTF-8
LC_ALL=en_US.UTF-8
LOGNAME=sybednar
NO_AT_BRIDGE=1
PATH=/home/sybednar/bin:/usr/local/sbin:/usr/local/bin:/usr/sbin:/usr/bin:/sbin:/bin:/usr/local/games:/usr/games
PWD=/home/sybednar/projects/seedling_imager
QT_QPA_PLATFORMTHEME=qt5ct
QT_WAYLAND_DISABLE_WINDOWDECORATION=1
SAL_USE_VCLPLUGIN=gtk3
SHELL=/bin/bash
SHLVL=1
SSH_AGENT_PID=1274
SSH_AUTH_SOCK=/tmp/ssh-B6rCx5bcQWJA/agent.1195
TEXTDOMAIN=pam_chksshpwd
USER=sybednar
_=/usr/bin/env
WAYLAND_DISPLAY=wayland-0
WLR_DRM_FORCE_LIBLIFTOFF=1
WLR_XWAYLAND=/usr/bin/xwayland-xauth
XAUTHORITY=/home/sybednar/.Xauthority
XCURSOR_SIZE=24
XCURSOR_THEME=PiXtrix
XDG_CURRENT_DESKTOP=labwc:wlroots
XDG_DATA_DIRS=~/.local/share:/usr/local/share:/usr/share/raspi-ui-overrides:/usr/share:/usr/share/gdm:/var/lib/menu-xdg
XDG_GREETER_DATA_DIR=/var/lib/lightdm/data/sybednar
XDG_MENU_PREFIX=rpd-
XDG_RUNTIME_DIR=/run/user/1000
XDG_SEAT_PATH=/org/freedesktop/DisplayManager/Seat0
XDG_SEAT=seat0
XDG_SESSION_CLASS=user
XDG_SESSION_DESKTOP=rpd-labwc
XDG_SESSION_ID=1
XDG_SESSION_PATH=/org/freedesktop/DisplayManager/Session0
XDG_SESSION_TYPE=wayland
XDG_VTNR=7
XKB_DEFAULT_LAYOUT=us
XKB_DEFAULT_MODEL=pc105
XKB_DEFAULT_OPTIONS=
XKB_DEFAULT_VARIANT=
---
[30:02:42.905220278] [4320] [1;32m INFO [1;37mCamera [1;34mcamera_manager.cpp:340 [0mlibcamera v0.6.0+rpt20251202
[30:02:42.914239095] [4326] [1;32m INFO [1;37mRPI [1;34mpisp.cpp:720 [0mlibpisp version 1.3.0
[30:02:42.915022688] [4326] [1;33m WARN [1;37mCameraSensorProperties [1;34mcamera_sensor_properties.cpp:548 [0mNo static properties available for 'imx708_noir'
[30:02:42.915033206] [4326] [1;33m WARN [1;37mCameraSensorProperties [1;34mcamera_sensor_properties.cpp:550 [0mPlease consider updating the camera sensor properties database
[30:02:42.916795003] [4326] [1;32m INFO [1;37mIPAProxy [1;34mipa_proxy.cpp:180 [0mUsing tuning file /usr/share/libcamera/ipa/rpi/pisp/imx708_noir.json
[30:02:42.924569079] [4326] [1;33m WARN [1;37mCameraSensor [1;34mcamera_sensor_legacy.cpp:502 [0;32m'imx708_noir': [0mNo sensor delays found in static properties. Assuming unverified defaults.
[30:02:42.924990134] [4326] [1;32m INFO [1;37mCamera [1;34mcamera_manager.cpp:223 [0mAdding camera '/base/axi/pcie@1000120000/rp1/i2c@88000/imx708@1a' for pipeline handler rpi/pisp
[30:02:42.924999153] [4326] [1;32m INFO [1;37mRPI [1;34mpisp.cpp:1181 [0mRegistered camera /base/axi/pcie@1000120000/rp1/i2c@88000/imx708@1a to CFE device /dev/media3 and ISP device /dev/media1 using PiSP variant BCM2712_D0
[30:02:42.928725117] [4320] [1;32m INFO [1;37mCamera [1;34mcamera.cpp:1215 [0mconfiguring streams: (0) 4608x2592-RGB888/sRGB (1) 1280x720-RGB888/sRGB (2) 4608x2592-BGGR_PISP_COMP1/RAW
[30:02:42.928843135] [4326] [1;32m INFO [1;37mRPI [1;34mpisp.cpp:1485 [0mSensor: /base/axi/pcie@1000120000/rp1/i2c@88000/imx708@1a - Selected sensor format: 4608x2592-SBGGR10_1X10/RAW - Selected CFE format: 4608x2592-PC1B/RAW
[camera] Manual focus locked: 6.816 diopters
[camera] Live-view IR boost enabled: mode=Front IR, gain_floor=8.0, exposure_floor=20000µs
Traceback (most recent call last):
  File "/home/sybednar/projects/seedling_imager/main.py", line 12, in <module>
    from gui import SeedlingImagerGUI
  File "/home/sybednar/projects/seedling_imager/gui.py", line 10, in <module>
    from experiment_runner import ExperimentRunner
  File "/home/sybednar/projects/seedling_imager/experiment_runner.py", line 21, in <module>
    import motor_control
  File "/home/sybednar/projects/seedling_imager/motor_control.py", line 64, in <module>
    request = gpiod.request_lines(
        CHIP,
    ...<7 lines>...
        }
    )
  File "/home/sybednar/Seedling_Imager/lib/python3.13/site-packages/gpiod/__init__.py", line 119, in request_lines
    return chip.request_lines(
           ~~~~~~~~~~~~~~~~~~^
        config=config,
        ^^^^^^^^^^^^^^
    ...<2 lines>...
        output_values=output_values,
        ^^^^^^^^^^^^^^^^^^^^^^^^^^^^
    )
    ^
  File "/home/sybednar/Seedling_Imager/lib/python3.13/site-packages/gpiod/chip.py", line 331, in request_lines
    req_internal = cast(_ext.Chip, self._chip).request_lines(
        line_cfg, consumer, event_buffer_size
    )
OSError: [Errno 16] Device or resource busy
[camera] Live-view IR boost disabled (restored controls)
[camera] Manual focus locked: 6.816 diopters
[camera] Live-view IR boost enabled: mode=Rear IR, gain_floor=1.0, exposure_floor=500µs
[camera] Live-view IR boost disabled (restored controls)
[camera] Manual focus locked: 6.816 diopters
[camera] Live-view IR boost enabled: mode=Rear IR, gain_floor=1.0, exposure_floor=500µs
[motor] Homing started (dynamic bracket + backoff)
[motor] Hall triggered. Measuring optical window...
[motor] Leading (LOW) at 389 µsteps from hall
[motor] Window width W=24, center offset C=12
[motor] Bracket: CCW -> LOW
[motor] Bracket: CCW -> HIGH (past leading)
[motor] Bracket: CW -> LOW (re-validate leading)
[motor] Bracket: CW +12 µsteps to midpoint (frac=0.0, W=24)
[motor] Homing complete. Plate #1 centered.
[camera] Manual focus locked: 9.887 diopters
[camera] Manual focus locked: 9.887 diopters
[camera] Manual focus locked: 9.887 diopters
[camera] Manual focus locked: 9.887 diopters
[camera] Manual focus locked: 9.887 diopters
[camera] Manual focus locked: 9.887 diopters
[camera] Manual focus locked: 9.887 diopters
[camera] Manual focus locked: 9.887 diopters
[camera] Manual focus locked: 7.587 diopters
[camera] Manual focus locked: 7.587 diopters
[camera] Manual focus locked: 7.587 diopters
[camera] Manual focus locked: 7.587 diopters
[camera] Live-view IR boost disabled (restored controls)
[camera] Manual focus locked: 7.587 diopters
[camera] Live-view IR boost enabled: mode=Rear IR, gain_floor=1.0, exposure_floor=500µs
[motor] Homing started (dynamic bracket + backoff)
[motor] Hall triggered. Measuring optical window...
[motor] Leading (LOW) at 390 µsteps from hall
[motor] Window width W=25, center offset C=12
[motor] Bracket: CCW -> LOW
[motor] Bracket: CCW -> HIGH (past leading)
[motor] Bracket: CW -> LOW (re-validate leading)
[motor] Bracket: CW +12 µsteps to midpoint (frac=0.0, W=25)
[motor] Homing complete. Plate #1 centered.
[camera] Live-view IR boost disabled (restored controls)
[camera] Manual focus locked: 7.587 diopters
[motor] Moved to Plate #2
[motor] Bracket: we are LOW; CW -> HIGH first
[motor] Bracket: CCW -> LOW
[motor] Bracket: CCW -> HIGH (past leading)
[motor] Bracket: CW -> LOW (re-validate leading)
[motor] Bracket: CW +12 µsteps to midpoint (frac=0.0, W=25)
[motor] Plate #2 bracket center: W=25, frac=0.0, ok=True
=== Sat May 30 01:57:04 PM CDT 2026 Seedling Imager autostart end ===
=== Sat May 30 05:53:29 PM CDT 2026 Seedling Imager autostart begin ===
DBUS_SESSION_BUS_ADDRESS=unix:path=/run/user/1000/bus
DESKTOP_SESSION=rpd-labwc
DISPLAY=:0
GDMSESSION=rpd-labwc
GPG_AGENT_INFO=/run/user/1000/gnupg/S.gpg-agent:0:1
HOME=/home/sybednar
_JAVA_AWT_WM_NONREPARENTING=1
LABWC_FALLBACK_OUTPUT=NOOP-1
LABWC_PID=1201
LABWC_VER=0.9.2
LANG=en_US.UTF-8
LANGUAGE=en_US.UTF-8
LC_ALL=en_US.UTF-8
LOGNAME=sybednar
NO_AT_BRIDGE=1
PATH=/home/sybednar/bin:/usr/local/sbin:/usr/local/bin:/usr/sbin:/usr/bin:/sbin:/bin:/usr/local/games:/usr/games
PWD=/home/sybednar
QT_QPA_PLATFORMTHEME=qt5ct
QT_WAYLAND_DISABLE_WINDOWDECORATION=1
SAL_USE_VCLPLUGIN=gtk3
SHELL=/bin/bash
SHLVL=1
SSH_AGENT_PID=1273
SSH_AUTH_SOCK=/tmp/ssh-gzHEXQyZPjLa/agent.1201
TEXTDOMAIN=pam_chksshpwd
USER=sybednar
_=/usr/bin/env
WAYLAND_DISPLAY=wayland-0
WLR_DRM_FORCE_LIBLIFTOFF=1
WLR_XWAYLAND=/usr/bin/xwayland-xauth
XAUTHORITY=/home/sybednar/.Xauthority
XCURSOR_SIZE=24
XCURSOR_THEME=PiXtrix
XDG_CURRENT_DESKTOP=labwc:wlroots
XDG_DATA_DIRS=~/.local/share:/usr/local/share:/usr/share/raspi-ui-overrides:/usr/share:/usr/share/gdm:/var/lib/menu-xdg
XDG_GREETER_DATA_DIR=/var/lib/lightdm/data/sybednar
XDG_MENU_PREFIX=rpd-
XDG_RUNTIME_DIR=/run/user/1000
XDG_SEAT_PATH=/org/freedesktop/DisplayManager/Seat0
XDG_SEAT=seat0
XDG_SESSION_CLASS=user
XDG_SESSION_DESKTOP=rpd-labwc
XDG_SESSION_ID=1
XDG_SESSION_PATH=/org/freedesktop/DisplayManager/Session0
XDG_SESSION_TYPE=wayland
XDG_VTNR=7
XKB_DEFAULT_LAYOUT=us
XKB_DEFAULT_MODEL=pc105
XKB_DEFAULT_OPTIONS=
XKB_DEFAULT_VARIANT=
---
[0:00:09.611851993] [1633] [1;32m INFO [1;37mCamera [1;34mcamera_manager.cpp:340 [0mlibcamera v0.6.0+rpt20251202
[0:00:09.620598142] [1639] [1;32m INFO [1;37mRPI [1;34mpisp.cpp:720 [0mlibpisp version 1.3.0
[0:00:09.621319679] [1639] [1;33m WARN [1;37mCameraSensorProperties [1;34mcamera_sensor_properties.cpp:548 [0mNo static properties available for 'imx708_noir'
[0:00:09.621328567] [1639] [1;33m WARN [1;37mCameraSensorProperties [1;34mcamera_sensor_properties.cpp:550 [0mPlease consider updating the camera sensor properties database
[0:00:09.623026919] [1639] [1;32m INFO [1;37mIPAProxy [1;34mipa_proxy.cpp:180 [0mUsing tuning file /usr/share/libcamera/ipa/rpi/pisp/imx708_noir.json
[0:00:09.629471845] [1639] [1;33m WARN [1;37mCameraSensor [1;34mcamera_sensor_legacy.cpp:502 [0;32m'imx708_noir': [0mNo sensor delays found in static properties. Assuming unverified defaults.
[0:00:09.629869067] [1639] [1;32m INFO [1;37mCamera [1;34mcamera_manager.cpp:223 [0mAdding camera '/base/axi/pcie@1000120000/rp1/i2c@88000/imx708@1a' for pipeline handler rpi/pisp
[0:00:09.629876642] [1639] [1;32m INFO [1;37mRPI [1;34mpisp.cpp:1181 [0mRegistered camera /base/axi/pcie@1000120000/rp1/i2c@88000/imx708@1a to CFE device /dev/media0 and ISP device /dev/media1 using PiSP variant BCM2712_D0
[0:00:09.633530160] [1633] [1;32m INFO [1;37mCamera [1;34mcamera.cpp:1215 [0mconfiguring streams: (0) 4608x2592-RGB888/sRGB (1) 1280x720-RGB888/sRGB (2) 4608x2592-BGGR_PISP_COMP1/RAW
[0:00:09.633639771] [1639] [1;32m INFO [1;37mRPI [1;34mpisp.cpp:1485 [0mSensor: /base/axi/pcie@1000120000/rp1/i2c@88000/imx708@1a - Selected sensor format: 4608x2592-SBGGR10_1X10/RAW - Selected CFE format: 4608x2592-PC1B/RAW
[camera] Manual focus locked: 8.400 diopters
[camera] Live-view IR boost enabled: mode=Front IR, gain_floor=8.0, exposure_floor=20000µs
[camera] Live-view IR boost disabled (restored controls)
=== Sun May 31 12:39:28 PM CDT 2026 Seedling Imager autostart end ===
